# JRE version: Java(TM) SE Runtime Environment (8.0_45-b15) (build 1.8.0_45-b15)
# Java VM: Java HotSpot(TM) 64-Bit Server VM (25.45-b02 mixed mode windows-amd64 compressed oops)
Heap:
 PSYoungGen      total 337920K, used 193503K [0x00000000e0c00000, 0x0000000100000000, 0x0000000100000000)
  eden space 171008K, 15% used [0x00000000e0c00000,0x00000000e25fb338,0x00000000eb300000)
  from space 166912K, 99% used [0x00000000f5d00000,0x00000000ffffcc10,0x0000000100000000)
  to   space 170496K, 0% used [0x00000000eb300000,0x00000000eb300000,0x00000000f5980000)
 ParOldGen       total 1024000K, used 767212K [0x00000000a2400000, 0x00000000e0c00000, 0x00000000e0c00000)
  object space 1024000K, 74% used [0x00000000a2400000,0x00000000d113b170,0x00000000e0c00000)
 Metaspace       used 16614K, capacity 17378K, committed 17536K, reserved 1064960K
  class space    used 2452K, capacity 2652K, committed 2688K, reserved 1048576K
GC Heap History (10 events):
Event: 21.914 GC heap before
{Heap before GC invocations=34 (full 7):
 PSYoungGen      total 340480K, used 276380K [0x00000000e0c00000, 0x0000000100000000, 0x0000000100000000)
  eden space 171008K, 100% used [0x00000000e0c00000,0x00000000eb300000,0x00000000eb300000)
  from space 169472K, 62% used [0x00000000f5a80000,0x00000000fc167360,0x0000000100000000)
  to   space 170496K, 0% used [0x00000000eb300000,0x00000000eb300000,0x00000000f5980000)
 ParOldGen       total 826880K, used 610911K [0x00000000a2400000, 0x00000000d4b80000, 0x00000000e0c00000)
  object space 826880K, 73% used [0x00000000a2400000,0x00000000c7897c80,0x00000000d4b80000)
 Metaspace       used 16227K, capacity 16952K, committed 17280K, reserved 1064960K
  class space    used 2394K, capacity 2567K, committed 2688K, reserved 1048576K
Event: 22.239 GC heap after
Heap after GC invocations=34 (full 7):
 PSYoungGen      total 220160K, used 48800K [0x00000000e0c00000, 0x00000000ffa00000, 0x0000000100000000)
  eden space 171008K, 0% used [0x00000000e0c00000,0x00000000e0c00000,0x00000000eb300000)
  from space 49152K, 99% used [0x00000000eb300000,0x00000000ee2a8000,0x00000000ee300000)
  to   space 166912K, 0% used [0x00000000f5700000,0x00000000f5700000,0x00000000ffa00000)
 ParOldGen       total 826880K, used 716682K [0x00000000a2400000, 0x00000000d4b80000, 0x00000000e0c00000)
  object space 826880K, 86% used [0x00000000a2400000,0x00000000cdfe2890,0x00000000d4b80000)
 Metaspace       used 16227K, capacity 16952K, committed 17280K, reserved 1064960K
  class space    used 2394K, capacity 2567K, committed 2688K, reserved 1048576K
}
Event: 22.239 GC heap before
{Heap before GC invocations=35 (full 8):
 PSYoungGen      total 220160K, used 48800K [0x00000000e0c00000, 0x00000000ffa00000, 0x0000000100000000)
  eden space 171008K, 0% used [0x00000000e0c00000,0x00000000e0c00000,0x00000000eb300000)
  from space 49152K, 99% used [0x00000000eb300000,0x00000000ee2a8000,0x00000000ee300000)
  to   space 166912K, 0% used [0x00000000f5700000,0x00000000f5700000,0x00000000ffa00000)
 ParOldGen       total 826880K, used 716682K [0x00000000a2400000, 0x00000000d4b80000, 0x00000000e0c00000)
  object space 826880K, 86% used [0x00000000a2400000,0x00000000cdfe2890,0x00000000d4b80000)
 Metaspace       used 16227K, capacity 16952K, committed 17280K, reserved 1064960K
  class space    used 2394K, capacity 2567K, committed 2688K, reserved 1048576K
Event: 25.422 GC heap after
Heap after GC invocations=35 (full 8):
 PSYoungGen      total 220160K, used 0K [0x00000000e0c00000, 0x00000000ffa00000, 0x0000000100000000)
  eden space 171008K, 0% used [0x00000000e0c00000,0x00000000e0c00000,0x00000000eb300000)
  from space 49152K, 0% used [0x00000000eb300000,0x00000000eb300000,0x00000000ee300000)
  to   space 166912K, 0% used [0x00000000f5700000,0x00000000f5700000,0x00000000ffa00000)
 ParOldGen       total 1024000K, used 764964K [0x00000000a2400000, 0x00000000e0c00000, 0x00000000e0c00000)
  object space 1024000K, 74% used [0x00000000a2400000,0x00000000d0f09170,0x00000000e0c00000)
 Metaspace       used 16227K, capacity 16952K, committed 17280K, reserved 1064960K
  class space    used 2394K, capacity 2567K, committed 2688K, reserved 1048576K
}
Event: 25.578 GC heap before
{Heap before GC invocations=36 (full 8):
 PSYoungGen      total 220160K, used 171008K [0x00000000e0c00000, 0x00000000ffa00000, 0x0000000100000000)
  eden space 171008K, 100% used [0x00000000e0c00000,0x00000000eb300000,0x00000000eb300000)
  from space 49152K, 0% used [0x00000000eb300000,0x00000000eb300000,0x00000000ee300000)
  to   space 166912K, 0% used [0x00000000f5700000,0x00000000f5700000,0x00000000ffa00000)
 ParOldGen       total 1024000K, used 764964K [0x00000000a2400000, 0x00000000e0c00000, 0x00000000e0c00000)
  object space 1024000K, 74% used [0x00000000a2400000,0x00000000d0f09170,0x00000000e0c00000)
 Metaspace       used 16227K, capacity 16952K, committed 17280K, reserved 1064960K
  class space    used 2394K, capacity 2567K, committed 2688K, reserved 1048576K
Event: 25.691 GC heap after
Heap after GC invocations=36 (full 8):
 PSYoungGen      total 345600K, used 53779K [0x00000000e0c00000, 0x0000000100000000, 0x0000000100000000)
  eden space 178688K, 0% used [0x00000000e0c00000,0x00000000e0c00000,0x00000000eba80000)
  from space 166912K, 32% used [0x00000000f5700000,0x00000000f8b84c10,0x00000000ffa00000)
  to   space 160256K, 0% used [0x00000000eba80000,0x00000000eba80000,0x00000000f5700000)
 ParOldGen       total 1024000K, used 764964K [0x00000000a2400000, 0x00000000e0c00000, 0x00000000e0c00000)
  object space 1024000K, 74% used [0x00000000a2400000,0x00000000d0f09170,0x00000000e0c00000)
 Metaspace       used 16227K, capacity 16952K, committed 17280K, reserved 1064960K
  class space    used 2394K, capacity 2567K, committed 2688K, reserved 1048576K
}
Event: 25.772 GC heap before
{Heap before GC invocations=37 (full 8):
 PSYoungGen      total 345600K, used 232467K [0x00000000e0c00000, 0x0000000100000000, 0x0000000100000000)
  eden space 178688K, 100% used [0x00000000e0c00000,0x00000000eba80000,0x00000000eba80000)
  from space 166912K, 32% used [0x00000000f5700000,0x00000000f8b84c10,0x00000000ffa00000)
  to   space 160256K, 0% used [0x00000000eba80000,0x00000000eba80000,0x00000000f5700000)
 ParOldGen       total 1024000K, used 764964K [0x00000000a2400000, 0x00000000e0c00000, 0x00000000e0c00000)
  object space 1024000K, 74% used [0x00000000a2400000,0x00000000d0f09170,0x00000000e0c00000)
 Metaspace       used 16227K, capacity 16952K, committed 17280K, reserved 1064960K
  class space    used 2394K, capacity 2567K, committed 2688K, reserved 1048576K
Event: 25.946 GC heap after
Heap after GC invocations=37 (full 8):
 PSYoungGen      total 338944K, used 111475K [0x00000000e0c00000, 0x0000000100000000, 0x0000000100000000)
  eden space 178688K, 0% used [0x00000000e0c00000,0x00000000e0c00000,0x00000000eba80000)
  from space 160256K, 69% used [0x00000000eba80000,0x00000000f275cc10,0x00000000f5700000)
  to   space 166912K, 0% used [0x00000000f5d00000,0x00000000f5d00000,0x0000000100000000)
 ParOldGen       total 1024000K, used 764964K [0x00000000a2400000, 0x00000000e0c00000, 0x00000000e0c00000)
  object space 1024000K, 74% used [0x00000000a2400000,0x00000000d0f09170,0x00000000e0c00000)
 Metaspace       used 16227K, capacity 16952K, committed 17280K, reserved 1064960K
  class space    used 2394K, capacity 2567K, committed 2688K, reserved 1048576K
}
Event: 26.036 GC heap before
{Heap before GC invocations=38 (full 8):
 PSYoungGen      total 338944K, used 290163K [0x00000000e0c00000, 0x0000000100000000, 0x0000000100000000)
  eden space 178688K, 100% used [0x00000000e0c00000,0x00000000eba80000,0x00000000eba80000)
  from space 160256K, 69% used [0x00000000eba80000,0x00000000f275cc10,0x00000000f5700000)
  to   space 166912K, 0% used [0x00000000f5d00000,0x00000000f5d00000,0x0000000100000000)
 ParOldGen       total 1024000K, used 764964K [0x00000000a2400000, 0x00000000e0c00000, 0x00000000e0c00000)
  object space 1024000K, 74% used [0x00000000a2400000,0x00000000d0f09170,0x00000000e0c00000)
 Metaspace       used 16227K, capacity 16952K, committed 17280K, reserved 1064960K
  class space    used 2394K, capacity 2567K, committed 2688K, reserved 1048576K
Event: 26.330 GC heap after
Heap after GC invocations=38 (full 8):
 PSYoungGen      total 337920K, used 166899K [0x00000000e0c00000, 0x0000000100000000, 0x0000000100000000)
  eden space 171008K, 0% used [0x00000000e0c00000,0x00000000e0c00000,0x00000000eb300000)
  from space 166912K, 99% used [0x00000000f5d00000,0x00000000ffffcc10,0x0000000100000000)
  to   space 170496K, 0% used [0x00000000eb300000,0x00000000eb300000,0x00000000f5980000)
 ParOldGen       total 1024000K, used 767212K [0x00000000a2400000, 0x00000000e0c00000, 0x00000000e0c00000)
  object space 1024000K, 74% used [0x00000000a2400000,0x00000000d113b170,0x00000000e0c00000)
 Metaspace       used 16227K, capacity 16952K, committed 17280K, reserved 1064960K
  class space    used 2394K, capacity 2567K, committed 2688K, reserved 1048576K
}

