# JRE version: Java(TM) SE Runtime Environment (8.0_45-b15) (build 1.8.0_45-b15)
# Java VM: Java HotSpot(TM) 64-Bit Server VM (25.45-b02 mixed mode windows-amd64 compressed oops)
Heap:
 PSYoungGen      total 341504K, used 50467K [0x00000000e0c00000, 0x0000000100000000, 0x0000000100000000)
  eden space 171008K, 29% used [0x00000000e0c00000,0x00000000e3d48f18,0x00000000eb300000)
  from space 170496K, 0% used [0x00000000eb300000,0x00000000eb300000,0x00000000f5980000)
  to   space 170496K, 0% used [0x00000000f5980000,0x00000000f5980000,0x0000000100000000)
 ParOldGen       total 1024000K, used 956640K [0x00000000a2400000, 0x00000000e0c00000, 0x00000000e0c00000)
  object space 1024000K, 93% used [0x00000000a2400000,0x00000000dca38118,0x00000000e0c00000)
 Metaspace       used 22248K, capacity 23792K, committed 24064K, reserved 1069056K
  class space    used 3278K, capacity 3565K, committed 3584K, reserved 1048576K
GC Heap History (10 events):
Event: 25.580 GC heap before
{Heap before GC invocations=35 (full 7):
 PSYoungGen      total 341504K, used 341477K [0x00000000e0c00000, 0x0000000100000000, 0x0000000100000000)
  eden space 171008K, 100% used [0x00000000e0c00000,0x00000000eb300000,0x00000000eb300000)
  from space 170496K, 99% used [0x00000000eb300000,0x00000000f5979440,0x00000000f5980000)
  to   space 170496K, 0% used [0x00000000f5980000,0x00000000f5980000,0x0000000100000000)
 ParOldGen       total 730112K, used 631206K [0x00000000a2400000, 0x00000000ced00000, 0x00000000e0c00000)
  object space 730112K, 86% used [0x00000000a2400000,0x00000000c8c69be8,0x00000000ced00000)
 Metaspace       used 16233K, capacity 16950K, committed 17280K, reserved 1064960K
  class space    used 2396K, capacity 2566K, committed 2688K, reserved 1048576K
Event: 26.912 GC heap after
Heap after GC invocations=35 (full 7):
 PSYoungGen      total 341504K, used 119186K [0x00000000e0c00000, 0x0000000100000000, 0x0000000100000000)
  eden space 171008K, 0% used [0x00000000e0c00000,0x00000000e0c00000,0x00000000eb300000)
  from space 170496K, 69% used [0x00000000f5980000,0x00000000fcde4830,0x0000000100000000)
  to   space 170496K, 0% used [0x00000000eb300000,0x00000000eb300000,0x00000000f5980000)
 ParOldGen       total 739328K, used 739041K [0x00000000a2400000, 0x00000000cf600000, 0x00000000e0c00000)
  object space 739328K, 99% used [0x00000000a2400000,0x00000000cf5b87f8,0x00000000cf600000)
 Metaspace       used 16233K, capacity 16950K, committed 17280K, reserved 1064960K
  class space    used 2396K, capacity 2566K, committed 2688K, reserved 1048576K
}
Event: 26.978 GC heap before
{Heap before GC invocations=36 (full 8):
 PSYoungGen      total 341504K, used 119186K [0x00000000e0c00000, 0x0000000100000000, 0x0000000100000000)
  eden space 171008K, 0% used [0x00000000e0c00000,0x00000000e0c00000,0x00000000eb300000)
  from space 170496K, 69% used [0x00000000f5980000,0x00000000fcde4830,0x0000000100000000)
  to   space 170496K, 0% used [0x00000000eb300000,0x00000000eb300000,0x00000000f5980000)
 ParOldGen       total 739328K, used 739041K [0x00000000a2400000, 0x00000000cf600000, 0x00000000e0c00000)
  object space 739328K, 99% used [0x00000000a2400000,0x00000000cf5b87f8,0x00000000cf600000)
 Metaspace       used 16233K, capacity 16950K, committed 17280K, reserved 1064960K
  class space    used 2396K, capacity 2566K, committed 2688K, reserved 1048576K
Event: 33.956 GC heap after
Heap after GC invocations=36 (full 8):
 PSYoungGen      total 341504K, used 119037K [0x00000000e0c00000, 0x0000000100000000, 0x0000000100000000)
  eden space 171008K, 0% used [0x00000000e0c00000,0x00000000e0c00000,0x00000000eb300000)
  from space 170496K, 69% used [0x00000000f5980000,0x00000000fcdbf4f0,0x0000000100000000)
  to   space 170496K, 0% used [0x00000000eb300000,0x00000000eb300000,0x00000000f5980000)
 ParOldGen       total 973824K, used 738291K [0x00000000a2400000, 0x00000000ddb00000, 0x00000000e0c00000)
  object space 973824K, 75% used [0x00000000a2400000,0x00000000cf4fcfc8,0x00000000ddb00000)
 Metaspace       used 16233K, capacity 16950K, committed 17280K, reserved 1064960K
  class space    used 2396K, capacity 2566K, committed 2688K, reserved 1048576K
}
Event: 34.043 GC heap before
{Heap before GC invocations=37 (full 8):
 PSYoungGen      total 341504K, used 290045K [0x00000000e0c00000, 0x0000000100000000, 0x0000000100000000)
  eden space 171008K, 100% used [0x00000000e0c00000,0x00000000eb300000,0x00000000eb300000)
  from space 170496K, 69% used [0x00000000f5980000,0x00000000fcdbf4f0,0x0000000100000000)
  to   space 170496K, 0% used [0x00000000eb300000,0x00000000eb300000,0x00000000f5980000)
 ParOldGen       total 973824K, used 738291K [0x00000000a2400000, 0x00000000ddb00000, 0x00000000e0c00000)
  object space 973824K, 75% used [0x00000000a2400000,0x00000000cf4fcfc8,0x00000000ddb00000)
 Metaspace       used 16233K, capacity 16950K, committed 17280K, reserved 1064960K
  class space    used 2396K, capacity 2566K, committed 2688K, reserved 1048576K
Event: 34.403 GC heap after
Heap after GC invocations=37 (full 8):
 PSYoungGen      total 341504K, used 56192K [0x00000000e0c00000, 0x0000000100000000, 0x0000000100000000)
  eden space 171008K, 0% used [0x00000000e0c00000,0x00000000e0c00000,0x00000000eb300000)
  from space 170496K, 32% used [0x00000000eb300000,0x00000000ee9e0000,0x00000000f5980000)
  to   space 170496K, 0% used [0x00000000f5980000,0x00000000f5980000,0x0000000100000000)
 ParOldGen       total 973824K, used 857829K [0x00000000a2400000, 0x00000000ddb00000, 0x00000000e0c00000)
  object space 973824K, 88% used [0x00000000a2400000,0x00000000d69b97f8,0x00000000ddb00000)
 Metaspace       used 16233K, capacity 16950K, committed 17280K, reserved 1064960K
  class space    used 2396K, capacity 2566K, committed 2688K, reserved 1048576K
}
Event: 34.403 GC heap before
{Heap before GC invocations=38 (full 9):
 PSYoungGen      total 341504K, used 56192K [0x00000000e0c00000, 0x0000000100000000, 0x0000000100000000)
  eden space 171008K, 0% used [0x00000000e0c00000,0x00000000e0c00000,0x00000000eb300000)
  from space 170496K, 32% used [0x00000000eb300000,0x00000000ee9e0000,0x00000000f5980000)
  to   space 170496K, 0% used [0x00000000f5980000,0x00000000f5980000,0x0000000100000000)
 ParOldGen       total 973824K, used 857829K [0x00000000a2400000, 0x00000000ddb00000, 0x00000000e0c00000)
  object space 973824K, 88% used [0x00000000a2400000,0x00000000d69b97f8,0x00000000ddb00000)
 Metaspace       used 16233K, capacity 16950K, committed 17280K, reserved 1064960K
  class space    used 2396K, capacity 2566K, committed 2688K, reserved 1048576K
Event: 37.463 GC heap after
Heap after GC invocations=38 (full 9):
 PSYoungGen      total 341504K, used 0K [0x00000000e0c00000, 0x0000000100000000, 0x0000000100000000)
  eden space 171008K, 0% used [0x00000000e0c00000,0x00000000e0c00000,0x00000000eb300000)
  from space 170496K, 0% used [0x00000000eb300000,0x00000000eb300000,0x00000000f5980000)
  to   space 170496K, 0% used [0x00000000f5980000,0x00000000f5980000,0x0000000100000000)
 ParOldGen       total 1024000K, used 913419K [0x00000000a2400000, 0x00000000e0c00000, 0x00000000e0c00000)
  object space 1024000K, 89% used [0x00000000a2400000,0x00000000da002d80,0x00000000e0c00000)
 Metaspace       used 16233K, capacity 16950K, committed 17280K, reserved 1064960K
  class space    used 2396K, capacity 2566K, committed 2688K, reserved 1048576K
}
Event: 45.776 GC heap before
{Heap before GC invocations=39 (full 10):
 PSYoungGen      total 341504K, used 171008K [0x00000000e0c00000, 0x0000000100000000, 0x0000000100000000)
  eden space 171008K, 100% used [0x00000000e0c00000,0x00000000eb300000,0x00000000eb300000)
  from space 170496K, 0% used [0x00000000eb300000,0x00000000eb300000,0x00000000f5980000)
  to   space 170496K, 0% used [0x00000000f5980000,0x00000000f5980000,0x0000000100000000)
 ParOldGen       total 1024000K, used 913419K [0x00000000a2400000, 0x00000000e0c00000, 0x00000000e0c00000)
  object space 1024000K, 89% used [0x00000000a2400000,0x00000000da002d80,0x00000000e0c00000)
 Metaspace       used 21866K, capacity 23416K, committed 23552K, reserved 1069056K
  class space    used 3271K, capacity 3529K, committed 3584K, reserved 1048576K
Event: 48.214 GC heap after
Heap after GC invocations=39 (full 10):
 PSYoungGen      total 341504K, used 0K [0x00000000e0c00000, 0x0000000100000000, 0x0000000100000000)
  eden space 171008K, 0% used [0x00000000e0c00000,0x00000000e0c00000,0x00000000eb300000)
  from space 170496K, 0% used [0x00000000eb300000,0x00000000eb300000,0x00000000f5980000)
  to   space 170496K, 0% used [0x00000000f5980000,0x00000000f5980000,0x0000000100000000)
 ParOldGen       total 1024000K, used 956640K [0x00000000a2400000, 0x00000000e0c00000, 0x00000000e0c00000)
  object space 1024000K, 93% used [0x00000000a2400000,0x00000000dca38118,0x00000000e0c00000)
 Metaspace       used 21866K, capacity 23416K, committed 23552K, reserved 1069056K
  class space    used 3271K, capacity 3529K, committed 3584K, reserved 1048576K
}

