# JRE version: Java(TM) SE Runtime Environment (8.0_45-b15) (build 1.8.0_45-b15)
# Java VM: Java HotSpot(TM) 64-Bit Server VM (25.45-b02 mixed mode windows-amd64 compressed oops)
Heap:
 PSYoungGen      total 68096K, used 22494K [0x00000000e0c00000, 0x00000000eba00000, 0x0000000100000000)
  eden space 65536K, 32% used [0x00000000e0c00000,0x00000000e207dae0,0x00000000e4c00000)
  from space 2560K, 59% used [0x00000000e4c00000,0x00000000e4d79f30,0x00000000e4e80000)
  to   space 23552K, 0% used [0x00000000ea300000,0x00000000ea300000,0x00000000eba00000)
 ParOldGen       total 93184K, used 45020K [0x00000000a2400000, 0x00000000a7f00000, 0x00000000e0c00000)
  object space 93184K, 48% used [0x00000000a2400000,0x00000000a4ff7360,0x00000000a7f00000)
 Metaspace       used 5491K, capacity 5656K, committed 5888K, reserved 1056768K
  class space    used 649K, capacity 720K, committed 768K, reserved 1048576K
GC Heap History (10 events):
Event: 1.110 GC heap before
{Heap before GC invocations=2 (full 0):
 PSYoungGen      total 18944K, used 18914K [0x00000000e0c00000, 0x00000000e3100000, 0x0000000100000000)
  eden space 16384K, 100% used [0x00000000e0c00000,0x00000000e1c00000,0x00000000e1c00000)
  from space 2560K, 98% used [0x00000000e1c00000,0x00000000e1e78900,0x00000000e1e80000)
  to   space 2560K, 0% used [0x00000000e2e80000,0x00000000e2e80000,0x00000000e3100000)
 ParOldGen       total 44032K, used 3161K [0x00000000a2400000, 0x00000000a4f00000, 0x00000000e0c00000)
  object space 44032K, 7% used [0x00000000a2400000,0x00000000a2716438,0x00000000a4f00000)
 Metaspace       used 5257K, capacity 5420K, committed 5632K, reserved 1056768K
  class space    used 623K, capacity 706K, committed 768K, reserved 1048576K
Event: 1.121 GC heap after
Heap after GC invocations=2 (full 0):
 PSYoungGen      total 35328K, used 2546K [0x00000000e0c00000, 0x00000000e3100000, 0x0000000100000000)
  eden space 32768K, 0% used [0x00000000e0c00000,0x00000000e0c00000,0x00000000e2c00000)
  from space 2560K, 99% used [0x00000000e2e80000,0x00000000e30fc8f0,0x00000000e3100000)
  to   space 2560K, 0% used [0x00000000e2c00000,0x00000000e2c00000,0x00000000e2e80000)
 ParOldGen       total 44032K, used 8545K [0x00000000a2400000, 0x00000000a4f00000, 0x00000000e0c00000)
  object space 44032K, 19% used [0x00000000a2400000,0x00000000a2c58438,0x00000000a4f00000)
 Metaspace       used 5257K, capacity 5420K, committed 5632K, reserved 1056768K
  class space    used 623K, capacity 706K, committed 768K, reserved 1048576K
}
Event: 1.165 GC heap before
{Heap before GC invocations=3 (full 0):
 PSYoungGen      total 35328K, used 35314K [0x00000000e0c00000, 0x00000000e3100000, 0x0000000100000000)
  eden space 32768K, 100% used [0x00000000e0c00000,0x00000000e2c00000,0x00000000e2c00000)
  from space 2560K, 99% used [0x00000000e2e80000,0x00000000e30fc8f0,0x00000000e3100000)
  to   space 2560K, 0% used [0x00000000e2c00000,0x00000000e2c00000,0x00000000e2e80000)
 ParOldGen       total 44032K, used 8545K [0x00000000a2400000, 0x00000000a4f00000, 0x00000000e0c00000)
  object space 44032K, 19% used [0x00000000a2400000,0x00000000a2c58438,0x00000000a4f00000)
 Metaspace       used 5262K, capacity 5420K, committed 5632K, reserved 1056768K
  class space    used 623K, capacity 706K, committed 768K, reserved 1048576K
Event: 1.185 GC heap after
Heap after GC invocations=3 (full 0):
 PSYoungGen      total 35328K, used 2546K [0x00000000e0c00000, 0x00000000e5100000, 0x0000000100000000)
  eden space 32768K, 0% used [0x00000000e0c00000,0x00000000e0c00000,0x00000000e2c00000)
  from space 2560K, 99% used [0x00000000e2c00000,0x00000000e2e7c8f0,0x00000000e2e80000)
  to   space 2560K, 0% used [0x00000000e4e80000,0x00000000e4e80000,0x00000000e5100000)
 ParOldGen       total 44032K, used 21305K [0x00000000a2400000, 0x00000000a4f00000, 0x00000000e0c00000)
  object space 44032K, 48% used [0x00000000a2400000,0x00000000a38ce438,0x00000000a4f00000)
 Metaspace       used 5262K, capacity 5420K, committed 5632K, reserved 1056768K
  class space    used 623K, capacity 706K, committed 768K, reserved 1048576K
}
Event: 1.252 GC heap before
{Heap before GC invocations=4 (full 0):
 PSYoungGen      total 35328K, used 35314K [0x00000000e0c00000, 0x00000000e5100000, 0x0000000100000000)
  eden space 32768K, 100% used [0x00000000e0c00000,0x00000000e2c00000,0x00000000e2c00000)
  from space 2560K, 99% used [0x00000000e2c00000,0x00000000e2e7c8f0,0x00000000e2e80000)
  to   space 2560K, 0% used [0x00000000e4e80000,0x00000000e4e80000,0x00000000e5100000)
 ParOldGen       total 44032K, used 21305K [0x00000000a2400000, 0x00000000a4f00000, 0x00000000e0c00000)
  object space 44032K, 48% used [0x00000000a2400000,0x00000000a38ce438,0x00000000a4f00000)
 Metaspace       used 5449K, capacity 5652K, committed 5888K, reserved 1056768K
  class space    used 645K, capacity 718K, committed 768K, reserved 1048576K
Event: 1.261 GC heap after
Heap after GC invocations=4 (full 0):
 PSYoungGen      total 68096K, used 2530K [0x00000000e0c00000, 0x00000000e5100000, 0x0000000100000000)
  eden space 65536K, 0% used [0x00000000e0c00000,0x00000000e0c00000,0x00000000e4c00000)
  from space 2560K, 98% used [0x00000000e4e80000,0x00000000e50f88e0,0x00000000e5100000)
  to   space 2560K, 0% used [0x00000000e4c00000,0x00000000e4c00000,0x00000000e4e80000)
 ParOldGen       total 44032K, used 25041K [0x00000000a2400000, 0x00000000a4f00000, 0x00000000e0c00000)
  object space 44032K, 56% used [0x00000000a2400000,0x00000000a3c74438,0x00000000a4f00000)
 Metaspace       used 5449K, capacity 5652K, committed 5888K, reserved 1056768K
  class space    used 645K, capacity 718K, committed 768K, reserved 1048576K
}
Event: 1.571 GC heap before
{Heap before GC invocations=5 (full 0):
 PSYoungGen      total 68096K, used 68066K [0x00000000e0c00000, 0x00000000e5100000, 0x0000000100000000)
  eden space 65536K, 100% used [0x00000000e0c00000,0x00000000e4c00000,0x00000000e4c00000)
  from space 2560K, 98% used [0x00000000e4e80000,0x00000000e50f88e0,0x00000000e5100000)
  to   space 2560K, 0% used [0x00000000e4c00000,0x00000000e4c00000,0x00000000e4e80000)
 ParOldGen       total 44032K, used 25041K [0x00000000a2400000, 0x00000000a4f00000, 0x00000000e0c00000)
  object space 44032K, 56% used [0x00000000a2400000,0x00000000a3c74438,0x00000000a4f00000)
 Metaspace       used 5477K, capacity 5652K, committed 5888K, reserved 1056768K
  class space    used 646K, capacity 718K, committed 768K, reserved 1048576K
Event: 1.604 GC heap after
Heap after GC invocations=5 (full 0):
 PSYoungGen      total 68096K, used 2538K [0x00000000e0c00000, 0x00000000eba00000, 0x0000000100000000)
  eden space 65536K, 0% used [0x00000000e0c00000,0x00000000e0c00000,0x00000000e4c00000)
  from space 2560K, 99% used [0x00000000e4c00000,0x00000000e4e7ab00,0x00000000e4e80000)
  to   space 23552K, 0% used [0x00000000ea300000,0x00000000ea300000,0x00000000eba00000)
 ParOldGen       total 45056K, used 44577K [0x00000000a2400000, 0x00000000a5000000, 0x00000000e0c00000)
  object space 45056K, 98% used [0x00000000a2400000,0x00000000a4f88438,0x00000000a5000000)
 Metaspace       used 5477K, capacity 5652K, committed 5888K, reserved 1056768K
  class space    used 646K, capacity 718K, committed 768K, reserved 1048576K
}
Event: 1.604 GC heap before
{Heap before GC invocations=6 (full 1):
 PSYoungGen      total 68096K, used 2538K [0x00000000e0c00000, 0x00000000eba00000, 0x0000000100000000)
  eden space 65536K, 0% used [0x00000000e0c00000,0x00000000e0c00000,0x00000000e4c00000)
  from space 2560K, 99% used [0x00000000e4c00000,0x00000000e4e7ab00,0x00000000e4e80000)
  to   space 23552K, 0% used [0x00000000ea300000,0x00000000ea300000,0x00000000eba00000)
 ParOldGen       total 45056K, used 44577K [0x00000000a2400000, 0x00000000a5000000, 0x00000000e0c00000)
  object space 45056K, 98% used [0x00000000a2400000,0x00000000a4f88438,0x00000000a5000000)
 Metaspace       used 5477K, capacity 5652K, committed 5888K, reserved 1056768K
  class space    used 646K, capacity 718K, committed 768K, reserved 1048576K
Event: 2.373 GC heap after
Heap after GC invocations=6 (full 1):
 PSYoungGen      total 68096K, used 1511K [0x00000000e0c00000, 0x00000000eba00000, 0x0000000100000000)
  eden space 65536K, 0% used [0x00000000e0c00000,0x00000000e0c00000,0x00000000e4c00000)
  from space 2560K, 59% used [0x00000000e4c00000,0x00000000e4d79f30,0x00000000e4e80000)
  to   space 23552K, 0% used [0x00000000ea300000,0x00000000ea300000,0x00000000eba00000)
 ParOldGen       total 93184K, used 45020K [0x00000000a2400000, 0x00000000a7f00000, 0x00000000e0c00000)
  object space 93184K, 48% used [0x00000000a2400000,0x00000000a4ff7360,0x00000000a7f00000)
 Metaspace       used 5477K, capacity 5652K, committed 5888K, reserved 1056768K
  class space    used 646K, capacity 718K, committed 768K, reserved 1048576K
}

