# JRE version: Java(TM) SE Runtime Environment (8.0_144-b01) (build 1.8.0_144-b01)
# Java VM: Java HotSpot(TM) 64-Bit Server VM (25.144-b01 mixed mode windows-amd64 compressed oops)
Heap:
 PSYoungGen      total 75776K, used 36441K [0x00000000e0c00000, 0x00000000e9c00000, 0x0000000100000000)
  eden space 65024K, 56% used [0x00000000e0c00000,0x00000000e2f96628,0x00000000e4b80000)
  from space 10752K, 0% used [0x00000000e4b80000,0x00000000e4b80000,0x00000000e5600000)
  to   space 10752K, 0% used [0x00000000e9180000,0x00000000e9180000,0x00000000e9c00000)
 ParOldGen       total 345600K, used 124418K [0x00000000a2400000, 0x00000000b7580000, 0x00000000e0c00000)
  object space 345600K, 36% used [0x00000000a2400000,0x00000000a9d80a70,0x00000000b7580000)
 Metaspace       used 15783K, capacity 16458K, committed 16768K, reserved 1062912K
  class space    used 2129K, capacity 2316K, committed 2432K, reserved 1048576K
GC Heap History (10 events):
Event: 1.734 GC heap before
{Heap before GC invocations=1 (full 0):
 PSYoungGen      total 75776K, used 46659K [0x00000000e0c00000, 0x00000000e6080000, 0x0000000100000000)
  eden space 65024K, 71% used [0x00000000e0c00000,0x00000000e3990e48,0x00000000e4b80000)
  from space 10752K, 0% used [0x00000000e5600000,0x00000000e5600000,0x00000000e6080000)
  to   space 10752K, 0% used [0x00000000e4b80000,0x00000000e4b80000,0x00000000e5600000)
 ParOldGen       total 173568K, used 0K [0x00000000a2400000, 0x00000000acd80000, 0x00000000e0c00000)
  object space 173568K, 0% used [0x00000000a2400000,0x00000000a2400000,0x00000000acd80000)
 Metaspace       used 11605K, capacity 12080K, committed 12416K, reserved 1060864K
  class space    used 1472K, capacity 1601K, committed 1664K, reserved 1048576K
Event: 1.751 GC heap after
Heap after GC invocations=1 (full 0):
 PSYoungGen      total 75776K, used 5265K [0x00000000e0c00000, 0x00000000e6080000, 0x0000000100000000)
  eden space 65024K, 0% used [0x00000000e0c00000,0x00000000e0c00000,0x00000000e4b80000)
  from space 10752K, 48% used [0x00000000e4b80000,0x00000000e50a44d0,0x00000000e5600000)
  to   space 10752K, 0% used [0x00000000e5600000,0x00000000e5600000,0x00000000e6080000)
 ParOldGen       total 173568K, used 39142K [0x00000000a2400000, 0x00000000acd80000, 0x00000000e0c00000)
  object space 173568K, 22% used [0x00000000a2400000,0x00000000a4a39a30,0x00000000acd80000)
 Metaspace       used 11605K, capacity 12080K, committed 12416K, reserved 1060864K
  class space    used 1472K, capacity 1601K, committed 1664K, reserved 1048576K
}
Event: 1.826 GC heap before
{Heap before GC invocations=2 (full 0):
 PSYoungGen      total 75776K, used 56590K [0x00000000e0c00000, 0x00000000e6080000, 0x0000000100000000)
  eden space 65024K, 78% used [0x00000000e0c00000,0x00000000e3e1f360,0x00000000e4b80000)
  from space 10752K, 48% used [0x00000000e4b80000,0x00000000e50a44d0,0x00000000e5600000)
  to   space 10752K, 0% used [0x00000000e5600000,0x00000000e5600000,0x00000000e6080000)
 ParOldGen       total 173568K, used 39142K [0x00000000a2400000, 0x00000000acd80000, 0x00000000e0c00000)
  object space 173568K, 22% used [0x00000000a2400000,0x00000000a4a39a30,0x00000000acd80000)
 Metaspace       used 12085K, capacity 12630K, committed 12672K, reserved 1060864K
  class space    used 1520K, capacity 1660K, committed 1664K, reserved 1048576K
Event: 1.849 GC heap after
Heap after GC invocations=2 (full 0):
 PSYoungGen      total 75776K, used 10740K [0x00000000e0c00000, 0x00000000ea000000, 0x0000000100000000)
  eden space 65024K, 0% used [0x00000000e0c00000,0x00000000e0c00000,0x00000000e4b80000)
  from space 10752K, 99% used [0x00000000e5600000,0x00000000e607d280,0x00000000e6080000)
  to   space 10752K, 0% used [0x00000000e4b80000,0x00000000e4b80000,0x00000000e5600000)
 ParOldGen       total 173568K, used 119476K [0x00000000a2400000, 0x00000000acd80000, 0x00000000e0c00000)
  object space 173568K, 68% used [0x00000000a2400000,0x00000000a98ad310,0x00000000acd80000)
 Metaspace       used 12085K, capacity 12630K, committed 12672K, reserved 1060864K
  class space    used 1520K, capacity 1660K, committed 1664K, reserved 1048576K
}
Event: 1.849 GC heap before
{Heap before GC invocations=3 (full 1):
 PSYoungGen      total 75776K, used 10740K [0x00000000e0c00000, 0x00000000ea000000, 0x0000000100000000)
  eden space 65024K, 0% used [0x00000000e0c00000,0x00000000e0c00000,0x00000000e4b80000)
  from space 10752K, 99% used [0x00000000e5600000,0x00000000e607d280,0x00000000e6080000)
  to   space 10752K, 0% used [0x00000000e4b80000,0x00000000e4b80000,0x00000000e5600000)
 ParOldGen       total 173568K, used 119476K [0x00000000a2400000, 0x00000000acd80000, 0x00000000e0c00000)
  object space 173568K, 68% used [0x00000000a2400000,0x00000000a98ad310,0x00000000acd80000)
 Metaspace       used 12085K, capacity 12630K, committed 12672K, reserved 1060864K
  class space    used 1520K, capacity 1660K, committed 1664K, reserved 1048576K
Event: 1.871 GC heap after
Heap after GC invocations=3 (full 1):
 PSYoungGen      total 75776K, used 0K [0x00000000e0c00000, 0x00000000ea000000, 0x0000000100000000)
  eden space 65024K, 0% used [0x00000000e0c00000,0x00000000e0c00000,0x00000000e4b80000)
  from space 10752K, 0% used [0x00000000e5600000,0x00000000e5600000,0x00000000e6080000)
  to   space 10752K, 0% used [0x00000000e4b80000,0x00000000e4b80000,0x00000000e5600000)
 ParOldGen       total 233472K, used 71549K [0x00000000a2400000, 0x00000000b0800000, 0x00000000e0c00000)
  object space 233472K, 30% used [0x00000000a2400000,0x00000000a69df710,0x00000000b0800000)
 Metaspace       used 12085K, capacity 12630K, committed 12672K, reserved 1060864K
  class space    used 1520K, capacity 1660K, committed 1664K, reserved 1048576K
}
Event: 1.899 GC heap before
{Heap before GC invocations=4 (full 1):
 PSYoungGen      total 75776K, used 53138K [0x00000000e0c00000, 0x00000000ea000000, 0x0000000100000000)
  eden space 65024K, 81% used [0x00000000e0c00000,0x00000000e3fe4840,0x00000000e4b80000)
  from space 10752K, 0% used [0x00000000e5600000,0x00000000e5600000,0x00000000e6080000)
  to   space 10752K, 0% used [0x00000000e4b80000,0x00000000e4b80000,0x00000000e5600000)
 ParOldGen       total 233472K, used 71549K [0x00000000a2400000, 0x00000000b0800000, 0x00000000e0c00000)
  object space 233472K, 30% used [0x00000000a2400000,0x00000000a69df710,0x00000000b0800000)
 Metaspace       used 12117K, capacity 12660K, committed 12800K, reserved 1060864K
  class space    used 1525K, capacity 1669K, committed 1792K, reserved 1048576K
Event: 1.917 GC heap after
Heap after GC invocations=4 (full 1):
 PSYoungGen      total 75776K, used 2208K [0x00000000e0c00000, 0x00000000e9c00000, 0x0000000100000000)
  eden space 65024K, 0% used [0x00000000e0c00000,0x00000000e0c00000,0x00000000e4b80000)
  from space 10752K, 20% used [0x00000000e4b80000,0x00000000e4da8020,0x00000000e5600000)
  to   space 10752K, 0% used [0x00000000e9180000,0x00000000e9180000,0x00000000e9c00000)
 ParOldGen       total 233472K, used 173112K [0x00000000a2400000, 0x00000000b0800000, 0x00000000e0c00000)
  object space 233472K, 74% used [0x00000000a2400000,0x00000000acd0e150,0x00000000b0800000)
 Metaspace       used 12117K, capacity 12660K, committed 12800K, reserved 1060864K
  class space    used 1525K, capacity 1669K, committed 1792K, reserved 1048576K
}
Event: 1.917 GC heap before
{Heap before GC invocations=5 (full 2):
 PSYoungGen      total 75776K, used 2208K [0x00000000e0c00000, 0x00000000e9c00000, 0x0000000100000000)
  eden space 65024K, 0% used [0x00000000e0c00000,0x00000000e0c00000,0x00000000e4b80000)
  from space 10752K, 20% used [0x00000000e4b80000,0x00000000e4da8020,0x00000000e5600000)
  to   space 10752K, 0% used [0x00000000e9180000,0x00000000e9180000,0x00000000e9c00000)
 ParOldGen       total 233472K, used 173112K [0x00000000a2400000, 0x00000000b0800000, 0x00000000e0c00000)
  object space 233472K, 74% used [0x00000000a2400000,0x00000000acd0e150,0x00000000b0800000)
 Metaspace       used 12117K, capacity 12660K, committed 12800K, reserved 1060864K
  class space    used 1525K, capacity 1669K, committed 1792K, reserved 1048576K
Event: 1.928 GC heap after
Heap after GC invocations=5 (full 2):
 PSYoungGen      total 75776K, used 0K [0x00000000e0c00000, 0x00000000e9c00000, 0x0000000100000000)
  eden space 65024K, 0% used [0x00000000e0c00000,0x00000000e0c00000,0x00000000e4b80000)
  from space 10752K, 0% used [0x00000000e4b80000,0x00000000e4b80000,0x00000000e5600000)
  to   space 10752K, 0% used [0x00000000e9180000,0x00000000e9180000,0x00000000e9c00000)
 ParOldGen       total 345600K, used 124418K [0x00000000a2400000, 0x00000000b7580000, 0x00000000e0c00000)
  object space 345600K, 36% used [0x00000000a2400000,0x00000000a9d80a70,0x00000000b7580000)
 Metaspace       used 12117K, capacity 12660K, committed 12800K, reserved 1060864K
  class space    used 1525K, capacity 1669K, committed 1792K, reserved 1048576K
}

