# JRE version: Java(TM) SE Runtime Environment (8.0_144-b01) (build 1.8.0_144-b01)
# Java VM: Java HotSpot(TM) 64-Bit Server VM (25.144-b01 mixed mode windows-amd64 compressed oops)
Heap:
 PSYoungGen      total 75776K, used 11355K [0x00000000e0c00000, 0x00000000e9c80000, 0x0000000100000000)
  eden space 65024K, 17% used [0x00000000e0c00000,0x00000000e1716c40,0x00000000e4b80000)
  from space 10752K, 0% used [0x00000000e4b80000,0x00000000e4b80000,0x00000000e5600000)
  to   space 10752K, 0% used [0x00000000e9200000,0x00000000e9200000,0x00000000e9c80000)
 ParOldGen       total 319488K, used 124243K [0x00000000a2400000, 0x00000000b5c00000, 0x00000000e0c00000)
  object space 319488K, 38% used [0x00000000a2400000,0x00000000a9d54e50,0x00000000b5c00000)
 Metaspace       used 15961K, capacity 16688K, committed 17024K, reserved 1064960K
  class space    used 2137K, capacity 2327K, committed 2432K, reserved 1048576K
GC Heap History (10 events):
Event: 3.398 GC heap before
{Heap before GC invocations=1 (full 0):
 PSYoungGen      total 75776K, used 46673K [0x00000000e0c00000, 0x00000000e6080000, 0x0000000100000000)
  eden space 65024K, 71% used [0x00000000e0c00000,0x00000000e3994678,0x00000000e4b80000)
  from space 10752K, 0% used [0x00000000e5600000,0x00000000e5600000,0x00000000e6080000)
  to   space 10752K, 0% used [0x00000000e4b80000,0x00000000e4b80000,0x00000000e5600000)
 ParOldGen       total 173568K, used 0K [0x00000000a2400000, 0x00000000acd80000, 0x00000000e0c00000)
  object space 173568K, 0% used [0x00000000a2400000,0x00000000a2400000,0x00000000acd80000)
 Metaspace       used 11622K, capacity 12076K, committed 12416K, reserved 1060864K
  class space    used 1475K, capacity 1601K, committed 1664K, reserved 1048576K
Event: 3.414 GC heap after
Heap after GC invocations=1 (full 0):
 PSYoungGen      total 75776K, used 5233K [0x00000000e0c00000, 0x00000000e6080000, 0x0000000100000000)
  eden space 65024K, 0% used [0x00000000e0c00000,0x00000000e0c00000,0x00000000e4b80000)
  from space 10752K, 48% used [0x00000000e4b80000,0x00000000e509c4d0,0x00000000e5600000)
  to   space 10752K, 0% used [0x00000000e5600000,0x00000000e5600000,0x00000000e6080000)
 ParOldGen       total 173568K, used 39142K [0x00000000a2400000, 0x00000000acd80000, 0x00000000e0c00000)
  object space 173568K, 22% used [0x00000000a2400000,0x00000000a4a39a30,0x00000000acd80000)
 Metaspace       used 11622K, capacity 12076K, committed 12416K, reserved 1060864K
  class space    used 1475K, capacity 1601K, committed 1664K, reserved 1048576K
}
Event: 3.486 GC heap before
{Heap before GC invocations=2 (full 0):
 PSYoungGen      total 75776K, used 53627K [0x00000000e0c00000, 0x00000000e6080000, 0x0000000100000000)
  eden space 65024K, 74% used [0x00000000e0c00000,0x00000000e3b42a48,0x00000000e4b80000)
  from space 10752K, 48% used [0x00000000e4b80000,0x00000000e509c4d0,0x00000000e5600000)
  to   space 10752K, 0% used [0x00000000e5600000,0x00000000e5600000,0x00000000e6080000)
 ParOldGen       total 173568K, used 39142K [0x00000000a2400000, 0x00000000acd80000, 0x00000000e0c00000)
  object space 173568K, 22% used [0x00000000a2400000,0x00000000a4a39a30,0x00000000acd80000)
 Metaspace       used 12120K, capacity 12626K, committed 12672K, reserved 1060864K
  class space    used 1523K, capacity 1660K, committed 1664K, reserved 1048576K
Event: 3.508 GC heap after
Heap after GC invocations=2 (full 0):
 PSYoungGen      total 75776K, used 10036K [0x00000000e0c00000, 0x00000000ea000000, 0x0000000100000000)
  eden space 65024K, 0% used [0x00000000e0c00000,0x00000000e0c00000,0x00000000e4b80000)
  from space 10752K, 93% used [0x00000000e5600000,0x00000000e5fcd070,0x00000000e6080000)
  to   space 10752K, 0% used [0x00000000e4b80000,0x00000000e4b80000,0x00000000e5600000)
 ParOldGen       total 173568K, used 117275K [0x00000000a2400000, 0x00000000acd80000, 0x00000000e0c00000)
  object space 173568K, 67% used [0x00000000a2400000,0x00000000a9686e70,0x00000000acd80000)
 Metaspace       used 12120K, capacity 12626K, committed 12672K, reserved 1060864K
  class space    used 1523K, capacity 1660K, committed 1664K, reserved 1048576K
}
Event: 3.508 GC heap before
{Heap before GC invocations=3 (full 1):
 PSYoungGen      total 75776K, used 10036K [0x00000000e0c00000, 0x00000000ea000000, 0x0000000100000000)
  eden space 65024K, 0% used [0x00000000e0c00000,0x00000000e0c00000,0x00000000e4b80000)
  from space 10752K, 93% used [0x00000000e5600000,0x00000000e5fcd070,0x00000000e6080000)
  to   space 10752K, 0% used [0x00000000e4b80000,0x00000000e4b80000,0x00000000e5600000)
 ParOldGen       total 173568K, used 117275K [0x00000000a2400000, 0x00000000acd80000, 0x00000000e0c00000)
  object space 173568K, 67% used [0x00000000a2400000,0x00000000a9686e70,0x00000000acd80000)
 Metaspace       used 12120K, capacity 12626K, committed 12672K, reserved 1060864K
  class space    used 1523K, capacity 1660K, committed 1664K, reserved 1048576K
Event: 3.528 GC heap after
Heap after GC invocations=3 (full 1):
 PSYoungGen      total 75776K, used 0K [0x00000000e0c00000, 0x00000000ea000000, 0x0000000100000000)
  eden space 65024K, 0% used [0x00000000e0c00000,0x00000000e0c00000,0x00000000e4b80000)
  from space 10752K, 0% used [0x00000000e5600000,0x00000000e5600000,0x00000000e6080000)
  to   space 10752K, 0% used [0x00000000e4b80000,0x00000000e4b80000,0x00000000e5600000)
 ParOldGen       total 224768K, used 68624K [0x00000000a2400000, 0x00000000aff80000, 0x00000000e0c00000)
  object space 224768K, 30% used [0x00000000a2400000,0x00000000a67043d0,0x00000000aff80000)
 Metaspace       used 12120K, capacity 12626K, committed 12672K, reserved 1060864K
  class space    used 1523K, capacity 1660K, committed 1664K, reserved 1048576K
}
Event: 4.497 GC heap before
{Heap before GC invocations=4 (full 1):
 PSYoungGen      total 75776K, used 65024K [0x00000000e0c00000, 0x00000000ea000000, 0x0000000100000000)
  eden space 65024K, 100% used [0x00000000e0c00000,0x00000000e4b80000,0x00000000e4b80000)
  from space 10752K, 0% used [0x00000000e5600000,0x00000000e5600000,0x00000000e6080000)
  to   space 10752K, 0% used [0x00000000e4b80000,0x00000000e4b80000,0x00000000e5600000)
 ParOldGen       total 224768K, used 68624K [0x00000000a2400000, 0x00000000aff80000, 0x00000000e0c00000)
  object space 224768K, 30% used [0x00000000a2400000,0x00000000a67043d0,0x00000000aff80000)
 Metaspace       used 15680K, capacity 16382K, committed 16512K, reserved 1062912K
  class space    used 2128K, capacity 2318K, committed 2432K, reserved 1048576K
Event: 4.530 GC heap after
Heap after GC invocations=4 (full 1):
 PSYoungGen      total 75776K, used 4931K [0x00000000e0c00000, 0x00000000e9c80000, 0x0000000100000000)
  eden space 65024K, 0% used [0x00000000e0c00000,0x00000000e0c00000,0x00000000e4b80000)
  from space 10752K, 45% used [0x00000000e4b80000,0x00000000e5050cf0,0x00000000e5600000)
  to   space 10752K, 0% used [0x00000000e9200000,0x00000000e9200000,0x00000000e9c80000)
 ParOldGen       total 224768K, used 170195K [0x00000000a2400000, 0x00000000aff80000, 0x00000000e0c00000)
  object space 224768K, 75% used [0x00000000a2400000,0x00000000aca34e10,0x00000000aff80000)
 Metaspace       used 15680K, capacity 16382K, committed 16512K, reserved 1062912K
  class space    used 2128K, capacity 2318K, committed 2432K, reserved 1048576K
}
Event: 4.530 GC heap before
{Heap before GC invocations=5 (full 2):
 PSYoungGen      total 75776K, used 4931K [0x00000000e0c00000, 0x00000000e9c80000, 0x0000000100000000)
  eden space 65024K, 0% used [0x00000000e0c00000,0x00000000e0c00000,0x00000000e4b80000)
  from space 10752K, 45% used [0x00000000e4b80000,0x00000000e5050cf0,0x00000000e5600000)
  to   space 10752K, 0% used [0x00000000e9200000,0x00000000e9200000,0x00000000e9c80000)
 ParOldGen       total 224768K, used 170195K [0x00000000a2400000, 0x00000000aff80000, 0x00000000e0c00000)
  object space 224768K, 75% used [0x00000000a2400000,0x00000000aca34e10,0x00000000aff80000)
 Metaspace       used 15680K, capacity 16382K, committed 16512K, reserved 1062912K
  class space    used 2128K, capacity 2318K, committed 2432K, reserved 1048576K
Event: 4.543 GC heap after
Heap after GC invocations=5 (full 2):
 PSYoungGen      total 75776K, used 0K [0x00000000e0c00000, 0x00000000e9c80000, 0x0000000100000000)
  eden space 65024K, 0% used [0x00000000e0c00000,0x00000000e0c00000,0x00000000e4b80000)
  from space 10752K, 0% used [0x00000000e4b80000,0x00000000e4b80000,0x00000000e5600000)
  to   space 10752K, 0% used [0x00000000e9200000,0x00000000e9200000,0x00000000e9c80000)
 ParOldGen       total 319488K, used 124243K [0x00000000a2400000, 0x00000000b5c00000, 0x00000000e0c00000)
  object space 319488K, 38% used [0x00000000a2400000,0x00000000a9d54e50,0x00000000b5c00000)
 Metaspace       used 15680K, capacity 16382K, committed 16512K, reserved 1062912K
  class space    used 2128K, capacity 2318K, committed 2432K, reserved 1048576K
}

