# JRE version: Java(TM) SE Runtime Environment (8.0_45-b15) (build 1.8.0_45-b15)
# Java VM: Java HotSpot(TM) 64-Bit Server VM (25.45-b02 mixed mode windows-amd64 compressed oops)
Heap:
 PSYoungGen      total 341504K, used 173494K [0x00000000e0c00000, 0x0000000100000000, 0x0000000100000000)
  eden space 171008K, 68% used [0x00000000e0c00000,0x00000000e7e8db08,0x00000000eb300000)
  from space 170496K, 32% used [0x00000000eb300000,0x00000000ee9e0000,0x00000000f5980000)
  to   space 170496K, 0% used [0x00000000f5980000,0x00000000f5980000,0x0000000100000000)
 ParOldGen       total 1024000K, used 865986K [0x00000000a2400000, 0x00000000e0c00000, 0x00000000e0c00000)
  object space 1024000K, 84% used [0x00000000a2400000,0x00000000d71b0818,0x00000000e0c00000)
 Metaspace       used 21766K, capacity 23382K, committed 23552K, reserved 1069056K
  class space    used 3270K, capacity 3554K, committed 3584K, reserved 1048576K
GC Heap History (10 events):
Event: 19.468 GC heap before
{Heap before GC invocations=33 (full 7):
 PSYoungGen      total 337408K, used 262588K [0x00000000e0c00000, 0x0000000100000000, 0x0000000100000000)
  eden space 192000K, 100% used [0x00000000e0c00000,0x00000000ec780000,0x00000000ec780000)
  from space 145408K, 48% used [0x00000000ec780000,0x00000000f0c6f050,0x00000000f5580000)
  to   space 170496K, 0% used [0x00000000f5980000,0x00000000f5980000,0x0000000100000000)
 ParOldGen       total 805888K, used 609084K [0x00000000a2400000, 0x00000000d3700000, 0x00000000e0c00000)
  object space 805888K, 75% used [0x00000000a2400000,0x00000000c76cf388,0x00000000d3700000)
 Metaspace       used 16261K, capacity 16966K, committed 17280K, reserved 1064960K
  class space    used 2395K, capacity 2566K, committed 2688K, reserved 1048576K
Event: 19.842 GC heap after
Heap after GC invocations=33 (full 7):
 PSYoungGen      total 349184K, used 62400K [0x00000000e0c00000, 0x0000000100000000, 0x0000000100000000)
  eden space 178688K, 0% used [0x00000000e0c00000,0x00000000e0c00000,0x00000000eba80000)
  from space 170496K, 36% used [0x00000000f5980000,0x00000000f9670000,0x0000000100000000)
  to   space 162816K, 0% used [0x00000000eba80000,0x00000000eba80000,0x00000000f5980000)
 ParOldGen       total 805888K, used 679556K [0x00000000a2400000, 0x00000000d3700000, 0x00000000e0c00000)
  object space 805888K, 84% used [0x00000000a2400000,0x00000000cbba1388,0x00000000d3700000)
 Metaspace       used 16261K, capacity 16966K, committed 17280K, reserved 1064960K
  class space    used 2395K, capacity 2566K, committed 2688K, reserved 1048576K
}
Event: 20.044 GC heap before
{Heap before GC invocations=34 (full 7):
 PSYoungGen      total 349184K, used 241088K [0x00000000e0c00000, 0x0000000100000000, 0x0000000100000000)
  eden space 178688K, 100% used [0x00000000e0c00000,0x00000000eba80000,0x00000000eba80000)
  from space 170496K, 36% used [0x00000000f5980000,0x00000000f9670000,0x0000000100000000)
  to   space 162816K, 0% used [0x00000000eba80000,0x00000000eba80000,0x00000000f5980000)
 ParOldGen       total 805888K, used 679556K [0x00000000a2400000, 0x00000000d3700000, 0x00000000e0c00000)
  object space 805888K, 84% used [0x00000000a2400000,0x00000000cbba1388,0x00000000d3700000)
 Metaspace       used 16269K, capacity 16966K, committed 17280K, reserved 1064960K
  class space    used 2396K, capacity 2566K, committed 2688K, reserved 1048576K
Event: 20.315 GC heap after
Heap after GC invocations=34 (full 7):
 PSYoungGen      total 341504K, used 128018K [0x00000000e0c00000, 0x0000000100000000, 0x0000000100000000)
  eden space 178688K, 0% used [0x00000000e0c00000,0x00000000e0c00000,0x00000000eba80000)
  from space 162816K, 78% used [0x00000000eba80000,0x00000000f3784830,0x00000000f5980000)
  to   space 170496K, 0% used [0x00000000f5980000,0x00000000f5980000,0x0000000100000000)
 ParOldGen       total 805888K, used 679556K [0x00000000a2400000, 0x00000000d3700000, 0x00000000e0c00000)
  object space 805888K, 84% used [0x00000000a2400000,0x00000000cbba1388,0x00000000d3700000)
 Metaspace       used 16269K, capacity 16966K, committed 17280K, reserved 1064960K
  class space    used 2396K, capacity 2566K, committed 2688K, reserved 1048576K
}
Event: 20.387 GC heap before
{Heap before GC invocations=35 (full 7):
 PSYoungGen      total 341504K, used 306706K [0x00000000e0c00000, 0x0000000100000000, 0x0000000100000000)
  eden space 178688K, 100% used [0x00000000e0c00000,0x00000000eba80000,0x00000000eba80000)
  from space 162816K, 78% used [0x00000000eba80000,0x00000000f3784830,0x00000000f5980000)
  to   space 170496K, 0% used [0x00000000f5980000,0x00000000f5980000,0x0000000100000000)
 ParOldGen       total 805888K, used 679556K [0x00000000a2400000, 0x00000000d3700000, 0x00000000e0c00000)
  object space 805888K, 84% used [0x00000000a2400000,0x00000000cbba1388,0x00000000d3700000)
 Metaspace       used 16269K, capacity 16966K, committed 17280K, reserved 1064960K
  class space    used 2396K, capacity 2566K, committed 2688K, reserved 1048576K
Event: 21.647 GC heap after
Heap after GC invocations=35 (full 7):
 PSYoungGen      total 341504K, used 124274K [0x00000000e0c00000, 0x0000000100000000, 0x0000000100000000)
  eden space 171008K, 0% used [0x00000000e0c00000,0x00000000e0c00000,0x00000000eb300000)
  from space 170496K, 72% used [0x00000000f5980000,0x00000000fd2dc830,0x0000000100000000)
  to   space 170496K, 0% used [0x00000000eb300000,0x00000000eb300000,0x00000000f5980000)
 ParOldGen       total 805888K, used 742076K [0x00000000a2400000, 0x00000000d3700000, 0x00000000e0c00000)
  object space 805888K, 92% used [0x00000000a2400000,0x00000000cf8af388,0x00000000d3700000)
 Metaspace       used 16269K, capacity 16966K, committed 17280K, reserved 1064960K
  class space    used 2396K, capacity 2566K, committed 2688K, reserved 1048576K
}
Event: 21.669 GC heap before
{Heap before GC invocations=36 (full 8):
 PSYoungGen      total 341504K, used 124274K [0x00000000e0c00000, 0x0000000100000000, 0x0000000100000000)
  eden space 171008K, 0% used [0x00000000e0c00000,0x00000000e0c00000,0x00000000eb300000)
  from space 170496K, 72% used [0x00000000f5980000,0x00000000fd2dc830,0x0000000100000000)
  to   space 170496K, 0% used [0x00000000eb300000,0x00000000eb300000,0x00000000f5980000)
 ParOldGen       total 805888K, used 742076K [0x00000000a2400000, 0x00000000d3700000, 0x00000000e0c00000)
  object space 805888K, 92% used [0x00000000a2400000,0x00000000cf8af388,0x00000000d3700000)
 Metaspace       used 16269K, capacity 16966K, committed 17280K, reserved 1064960K
  class space    used 2396K, capacity 2566K, committed 2688K, reserved 1048576K
Event: 25.989 GC heap after
Heap after GC invocations=36 (full 8):
 PSYoungGen      total 341504K, used 60168K [0x00000000e0c00000, 0x0000000100000000, 0x0000000100000000)
  eden space 171008K, 0% used [0x00000000e0c00000,0x00000000e0c00000,0x00000000eb300000)
  from space 170496K, 35% used [0x00000000f5980000,0x00000000f9442320,0x0000000100000000)
  to   space 170496K, 0% used [0x00000000eb300000,0x00000000eb300000,0x00000000f5980000)
 ParOldGen       total 1024000K, used 805570K [0x00000000a2400000, 0x00000000e0c00000, 0x00000000e0c00000)
  object space 1024000K, 78% used [0x00000000a2400000,0x00000000d36b0818,0x00000000e0c00000)
 Metaspace       used 16269K, capacity 16966K, committed 17280K, reserved 1064960K
  class space    used 2396K, capacity 2566K, committed 2688K, reserved 1048576K
}
Event: 26.108 GC heap before
{Heap before GC invocations=37 (full 8):
 PSYoungGen      total 341504K, used 231176K [0x00000000e0c00000, 0x0000000100000000, 0x0000000100000000)
  eden space 171008K, 100% used [0x00000000e0c00000,0x00000000eb300000,0x00000000eb300000)
  from space 170496K, 35% used [0x00000000f5980000,0x00000000f9442320,0x0000000100000000)
  to   space 170496K, 0% used [0x00000000eb300000,0x00000000eb300000,0x00000000f5980000)
 ParOldGen       total 1024000K, used 805570K [0x00000000a2400000, 0x00000000e0c00000, 0x00000000e0c00000)
  object space 1024000K, 78% used [0x00000000a2400000,0x00000000d36b0818,0x00000000e0c00000)
 Metaspace       used 16269K, capacity 16966K, committed 17280K, reserved 1064960K
  class space    used 2396K, capacity 2566K, committed 2688K, reserved 1048576K
Event: 26.996 GC heap after
Heap after GC invocations=37 (full 8):
 PSYoungGen      total 341504K, used 56192K [0x00000000e0c00000, 0x0000000100000000, 0x0000000100000000)
  eden space 171008K, 0% used [0x00000000e0c00000,0x00000000e0c00000,0x00000000eb300000)
  from space 170496K, 32% used [0x00000000eb300000,0x00000000ee9e0000,0x00000000f5980000)
  to   space 170496K, 0% used [0x00000000f5980000,0x00000000f5980000,0x0000000100000000)
 ParOldGen       total 1024000K, used 865986K [0x00000000a2400000, 0x00000000e0c00000, 0x00000000e0c00000)
  object space 1024000K, 84% used [0x00000000a2400000,0x00000000d71b0818,0x00000000e0c00000)
 Metaspace       used 16269K, capacity 16966K, committed 17280K, reserved 1064960K
  class space    used 2396K, capacity 2566K, committed 2688K, reserved 1048576K
}

