# JRE version: Java(TM) SE Runtime Environment (8.0_45-b15) (build 1.8.0_45-b15)
# Java VM: Java HotSpot(TM) 64-Bit Server VM (25.45-b02 mixed mode windows-amd64 compressed oops)
Heap:
 PSYoungGen      total 341504K, used 104035K [0x00000000e0c00000, 0x0000000100000000, 0x0000000100000000)
  eden space 171008K, 28% used [0x00000000e0c00000,0x00000000e3b98fc8,0x00000000eb300000)
  from space 170496K, 32% used [0x00000000f5980000,0x00000000f8f80000,0x0000000100000000)
  to   space 170496K, 0% used [0x00000000eb300000,0x00000000eb300000,0x00000000f5980000)
 ParOldGen       total 868864K, used 714679K [0x00000000a2400000, 0x00000000d7480000, 0x00000000e0c00000)
  object space 868864K, 82% used [0x00000000a2400000,0x00000000cddedc28,0x00000000d7480000)
 Metaspace       used 16615K, capacity 17440K, committed 17536K, reserved 1064960K
  class space    used 2447K, capacity 2651K, committed 2688K, reserved 1048576K
GC Heap History (10 events):
Event: 16.417 GC heap before
{Heap before GC invocations=29 (full 6):
 PSYoungGen      total 292864K, used 250432K [0x00000000e0c00000, 0x00000000fa280000, 0x0000000100000000)
  eden space 180736K, 100% used [0x00000000e0c00000,0x00000000ebc80000,0x00000000ebc80000)
  from space 112128K, 62% used [0x00000000f3500000,0x00000000f7910000,0x00000000fa280000)
  to   space 117760K, 0% used [0x00000000ebc80000,0x00000000ebc80000,0x00000000f2f80000)
 ParOldGen       total 654336K, used 482016K [0x00000000a2400000, 0x00000000ca300000, 0x00000000e0c00000)
  object space 654336K, 73% used [0x00000000a2400000,0x00000000bfab80e0,0x00000000ca300000)
 Metaspace       used 16221K, capacity 16950K, committed 17280K, reserved 1064960K
  class space    used 2387K, capacity 2566K, committed 2688K, reserved 1048576K
Event: 16.620 GC heap after
Heap after GC invocations=29 (full 6):
 PSYoungGen      total 298496K, used 117760K [0x00000000e0c00000, 0x00000000fea80000, 0x0000000100000000)
  eden space 180736K, 0% used [0x00000000e0c00000,0x00000000e0c00000,0x00000000ebc80000)
  from space 117760K, 100% used [0x00000000ebc80000,0x00000000f2f80000,0x00000000f2f80000)
  to   space 137216K, 0% used [0x00000000f6480000,0x00000000f6480000,0x00000000fea80000)
 ParOldGen       total 654336K, used 485400K [0x00000000a2400000, 0x00000000ca300000, 0x00000000e0c00000)
  object space 654336K, 74% used [0x00000000a2400000,0x00000000bfe060e0,0x00000000ca300000)
 Metaspace       used 16221K, capacity 16950K, committed 17280K, reserved 1064960K
  class space    used 2387K, capacity 2566K, committed 2688K, reserved 1048576K
}
Event: 16.724 GC heap before
{Heap before GC invocations=30 (full 6):
 PSYoungGen      total 298496K, used 298496K [0x00000000e0c00000, 0x00000000fea80000, 0x0000000100000000)
  eden space 180736K, 100% used [0x00000000e0c00000,0x00000000ebc80000,0x00000000ebc80000)
  from space 117760K, 100% used [0x00000000ebc80000,0x00000000f2f80000,0x00000000f2f80000)
  to   space 137216K, 0% used [0x00000000f6480000,0x00000000f6480000,0x00000000fea80000)
 ParOldGen       total 654336K, used 485400K [0x00000000a2400000, 0x00000000ca300000, 0x00000000e0c00000)
  object space 654336K, 74% used [0x00000000a2400000,0x00000000bfe060e0,0x00000000ca300000)
 Metaspace       used 16221K, capacity 16950K, committed 17280K, reserved 1064960K
  class space    used 2387K, capacity 2566K, committed 2688K, reserved 1048576K
Event: 17.018 GC heap after
Heap after GC invocations=30 (full 6):
 PSYoungGen      total 308224K, used 137203K [0x00000000e0c00000, 0x0000000100000000, 0x0000000100000000)
  eden space 171008K, 0% used [0x00000000e0c00000,0x00000000e0c00000,0x00000000eb300000)
  from space 137216K, 99% used [0x00000000f6480000,0x00000000fea7cc10,0x00000000fea80000)
  to   space 170496K, 0% used [0x00000000eb300000,0x00000000eb300000,0x00000000f5980000)
 ParOldGen       total 654336K, used 522408K [0x00000000a2400000, 0x00000000ca300000, 0x00000000e0c00000)
  object space 654336K, 79% used [0x00000000a2400000,0x00000000c222a0e0,0x00000000ca300000)
 Metaspace       used 16221K, capacity 16950K, committed 17280K, reserved 1064960K
  class space    used 2387K, capacity 2566K, committed 2688K, reserved 1048576K
}
Event: 17.086 GC heap before
{Heap before GC invocations=31 (full 6):
 PSYoungGen      total 308224K, used 308211K [0x00000000e0c00000, 0x0000000100000000, 0x0000000100000000)
  eden space 171008K, 100% used [0x00000000e0c00000,0x00000000eb300000,0x00000000eb300000)
  from space 137216K, 99% used [0x00000000f6480000,0x00000000fea7cc10,0x00000000fea80000)
  to   space 170496K, 0% used [0x00000000eb300000,0x00000000eb300000,0x00000000f5980000)
 ParOldGen       total 654336K, used 522408K [0x00000000a2400000, 0x00000000ca300000, 0x00000000e0c00000)
  object space 654336K, 79% used [0x00000000a2400000,0x00000000c222a0e0,0x00000000ca300000)
 Metaspace       used 16221K, capacity 16950K, committed 17280K, reserved 1064960K
  class space    used 2387K, capacity 2566K, committed 2688K, reserved 1048576K
Event: 17.349 GC heap after
Heap after GC invocations=31 (full 6):
 PSYoungGen      total 341504K, used 111539K [0x00000000e0c00000, 0x0000000100000000, 0x0000000100000000)
  eden space 171008K, 0% used [0x00000000e0c00000,0x00000000e0c00000,0x00000000eb300000)
  from space 170496K, 65% used [0x00000000eb300000,0x00000000f1fecc10,0x00000000f5980000)
  to   space 170496K, 0% used [0x00000000f5980000,0x00000000f5980000,0x0000000100000000)
 ParOldGen       total 654336K, used 603512K [0x00000000a2400000, 0x00000000ca300000, 0x00000000e0c00000)
  object space 654336K, 92% used [0x00000000a2400000,0x00000000c715e0e0,0x00000000ca300000)
 Metaspace       used 16221K, capacity 16950K, committed 17280K, reserved 1064960K
  class space    used 2387K, capacity 2566K, committed 2688K, reserved 1048576K
}
Event: 17.349 GC heap before
{Heap before GC invocations=32 (full 7):
 PSYoungGen      total 341504K, used 111539K [0x00000000e0c00000, 0x0000000100000000, 0x0000000100000000)
  eden space 171008K, 0% used [0x00000000e0c00000,0x00000000e0c00000,0x00000000eb300000)
  from space 170496K, 65% used [0x00000000eb300000,0x00000000f1fecc10,0x00000000f5980000)
  to   space 170496K, 0% used [0x00000000f5980000,0x00000000f5980000,0x0000000100000000)
 ParOldGen       total 654336K, used 603512K [0x00000000a2400000, 0x00000000ca300000, 0x00000000e0c00000)
  object space 654336K, 92% used [0x00000000a2400000,0x00000000c715e0e0,0x00000000ca300000)
 Metaspace       used 16221K, capacity 16950K, committed 17280K, reserved 1064960K
  class space    used 2387K, capacity 2566K, committed 2688K, reserved 1048576K
Event: 20.814 GC heap after
Heap after GC invocations=32 (full 7):
 PSYoungGen      total 341504K, used 60261K [0x00000000e0c00000, 0x0000000100000000, 0x0000000100000000)
  eden space 171008K, 0% used [0x00000000e0c00000,0x00000000e0c00000,0x00000000eb300000)
  from space 170496K, 35% used [0x00000000eb300000,0x00000000eedd9788,0x00000000f5980000)
  to   space 170496K, 0% used [0x00000000f5980000,0x00000000f5980000,0x0000000100000000)
 ParOldGen       total 868864K, used 654207K [0x00000000a2400000, 0x00000000d7480000, 0x00000000e0c00000)
  object space 868864K, 75% used [0x00000000a2400000,0x00000000ca2dfc28,0x00000000d7480000)
 Metaspace       used 16221K, capacity 16950K, committed 17280K, reserved 1064960K
  class space    used 2387K, capacity 2566K, committed 2688K, reserved 1048576K
}
Event: 20.886 GC heap before
{Heap before GC invocations=33 (full 7):
 PSYoungGen      total 341504K, used 231269K [0x00000000e0c00000, 0x0000000100000000, 0x0000000100000000)
  eden space 171008K, 100% used [0x00000000e0c00000,0x00000000eb300000,0x00000000eb300000)
  from space 170496K, 35% used [0x00000000eb300000,0x00000000eedd9788,0x00000000f5980000)
  to   space 170496K, 0% used [0x00000000f5980000,0x00000000f5980000,0x0000000100000000)
 ParOldGen       total 868864K, used 654207K [0x00000000a2400000, 0x00000000d7480000, 0x00000000e0c00000)
  object space 868864K, 75% used [0x00000000a2400000,0x00000000ca2dfc28,0x00000000d7480000)
 Metaspace       used 16221K, capacity 16950K, committed 17280K, reserved 1064960K
  class space    used 2387K, capacity 2566K, committed 2688K, reserved 1048576K
Event: 21.263 GC heap after
Heap after GC invocations=33 (full 7):
 PSYoungGen      total 341504K, used 55296K [0x00000000e0c00000, 0x0000000100000000, 0x0000000100000000)
  eden space 171008K, 0% used [0x00000000e0c00000,0x00000000e0c00000,0x00000000eb300000)
  from space 170496K, 32% used [0x00000000f5980000,0x00000000f8f80000,0x0000000100000000)
  to   space 170496K, 0% used [0x00000000eb300000,0x00000000eb300000,0x00000000f5980000)
 ParOldGen       total 868864K, used 714679K [0x00000000a2400000, 0x00000000d7480000, 0x00000000e0c00000)
  object space 868864K, 82% used [0x00000000a2400000,0x00000000cddedc28,0x00000000d7480000)
 Metaspace       used 16221K, capacity 16950K, committed 17280K, reserved 1064960K
  class space    used 2387K, capacity 2566K, committed 2688K, reserved 1048576K
}

