# JRE version: Java(TM) SE Runtime Environment (8.0_45-b15) (build 1.8.0_45-b15)
# Java VM: Java HotSpot(TM) 64-Bit Server VM (25.45-b02 mixed mode windows-amd64 compressed oops)
Heap:
 PSYoungGen      total 337920K, used 195281K [0x00000000e0c00000, 0x0000000100000000, 0x0000000100000000)
  eden space 171008K, 49% used [0x00000000e0c00000,0x00000000e5ed4460,0x00000000eb300000)
  from space 166912K, 66% used [0x00000000eb300000,0x00000000f1ee0000,0x00000000f5600000)
  to   space 170496K, 0% used [0x00000000f5980000,0x00000000f5980000,0x0000000100000000)
 ParOldGen       total 1013248K, used 805284K [0x00000000a2400000, 0x00000000e0180000, 0x00000000e0c00000)
  object space 1013248K, 79% used [0x00000000a2400000,0x00000000d36691a8,0x00000000e0180000)
 Metaspace       used 16632K, capacity 17394K, committed 17536K, reserved 1064960K
  class space    used 2452K, capacity 2652K, committed 2688K, reserved 1048576K
GC Heap History (10 events):
Event: 20.282 GC heap before
{Heap before GC invocations=33 (full 7):
 PSYoungGen      total 300032K, used 299680K [0x00000000e0c00000, 0x0000000100000000, 0x0000000100000000)
  eden space 172032K, 100% used [0x00000000e0c00000,0x00000000eb400000,0x00000000eb400000)
  from space 128000K, 99% used [0x00000000eb400000,0x00000000f30a8000,0x00000000f3100000)
  to   space 170496K, 0% used [0x00000000f5980000,0x00000000f5980000,0x0000000100000000)
 ParOldGen       total 765440K, used 576551K [0x00000000a2400000, 0x00000000d0f80000, 0x00000000e0c00000)
  object space 765440K, 75% used [0x00000000a2400000,0x00000000c5709f10,0x00000000d0f80000)
 Metaspace       used 16245K, capacity 16968K, committed 17280K, reserved 1064960K
  class space    used 2394K, capacity 2567K, committed 2688K, reserved 1048576K
Event: 20.542 GC heap after
Heap after GC invocations=33 (full 7):
 PSYoungGen      total 341504K, used 98048K [0x00000000e0c00000, 0x0000000100000000, 0x0000000100000000)
  eden space 171008K, 0% used [0x00000000e0c00000,0x00000000e0c00000,0x00000000eb300000)
  from space 170496K, 57% used [0x00000000f5980000,0x00000000fb940000,0x0000000100000000)
  to   space 170496K, 0% used [0x00000000eb300000,0x00000000eb300000,0x00000000f5980000)
 ParOldGen       total 765440K, used 655407K [0x00000000a2400000, 0x00000000d0f80000, 0x00000000e0c00000)
  object space 765440K, 85% used [0x00000000a2400000,0x00000000ca40bf10,0x00000000d0f80000)
 Metaspace       used 16245K, capacity 16968K, committed 17280K, reserved 1064960K
  class space    used 2394K, capacity 2567K, committed 2688K, reserved 1048576K
}
Event: 20.641 GC heap before
{Heap before GC invocations=34 (full 7):
 PSYoungGen      total 341504K, used 269056K [0x00000000e0c00000, 0x0000000100000000, 0x0000000100000000)
  eden space 171008K, 100% used [0x00000000e0c00000,0x00000000eb300000,0x00000000eb300000)
  from space 170496K, 57% used [0x00000000f5980000,0x00000000fb940000,0x0000000100000000)
  to   space 170496K, 0% used [0x00000000eb300000,0x00000000eb300000,0x00000000f5980000)
 ParOldGen       total 765440K, used 655407K [0x00000000a2400000, 0x00000000d0f80000, 0x00000000e0c00000)
  object space 765440K, 85% used [0x00000000a2400000,0x00000000ca40bf10,0x00000000d0f80000)
 Metaspace       used 16245K, capacity 16968K, committed 17280K, reserved 1064960K
  class space    used 2394K, capacity 2567K, committed 2688K, reserved 1048576K
Event: 20.923 GC heap after
Heap after GC invocations=34 (full 7):
 PSYoungGen      total 341504K, used 52243K [0x00000000e0c00000, 0x0000000100000000, 0x0000000100000000)
  eden space 171008K, 0% used [0x00000000e0c00000,0x00000000e0c00000,0x00000000eb300000)
  from space 170496K, 30% used [0x00000000eb300000,0x00000000ee604c10,0x00000000f5980000)
  to   space 170496K, 0% used [0x00000000f5980000,0x00000000f5980000,0x0000000100000000)
 ParOldGen       total 765440K, used 753687K [0x00000000a2400000, 0x00000000d0f80000, 0x00000000e0c00000)
  object space 765440K, 98% used [0x00000000a2400000,0x00000000d0405f10,0x00000000d0f80000)
 Metaspace       used 16245K, capacity 16968K, committed 17280K, reserved 1064960K
  class space    used 2394K, capacity 2567K, committed 2688K, reserved 1048576K
}
Event: 20.923 GC heap before
{Heap before GC invocations=35 (full 8):
 PSYoungGen      total 341504K, used 52243K [0x00000000e0c00000, 0x0000000100000000, 0x0000000100000000)
  eden space 171008K, 0% used [0x00000000e0c00000,0x00000000e0c00000,0x00000000eb300000)
  from space 170496K, 30% used [0x00000000eb300000,0x00000000ee604c10,0x00000000f5980000)
  to   space 170496K, 0% used [0x00000000f5980000,0x00000000f5980000,0x0000000100000000)
 ParOldGen       total 765440K, used 753687K [0x00000000a2400000, 0x00000000d0f80000, 0x00000000e0c00000)
  object space 765440K, 98% used [0x00000000a2400000,0x00000000d0405f10,0x00000000d0f80000)
 Metaspace       used 16245K, capacity 16968K, committed 17280K, reserved 1064960K
  class space    used 2394K, capacity 2567K, committed 2688K, reserved 1048576K
Event: 25.301 GC heap after
Heap after GC invocations=35 (full 8):
 PSYoungGen      total 341504K, used 39843K [0x00000000e0c00000, 0x0000000100000000, 0x0000000100000000)
  eden space 171008K, 0% used [0x00000000e0c00000,0x00000000e0c00000,0x00000000eb300000)
  from space 170496K, 23% used [0x00000000eb300000,0x00000000ed9e8f68,0x00000000f5980000)
  to   space 170496K, 0% used [0x00000000f5980000,0x00000000f5980000,0x0000000100000000)
 ParOldGen       total 1013248K, used 765300K [0x00000000a2400000, 0x00000000e0180000, 0x00000000e0c00000)
  object space 1013248K, 75% used [0x00000000a2400000,0x00000000d0f5d1a8,0x00000000e0180000)
 Metaspace       used 16245K, capacity 16968K, committed 17280K, reserved 1064960K
  class space    used 2394K, capacity 2567K, committed 2688K, reserved 1048576K
}
Event: 25.367 GC heap before
{Heap before GC invocations=36 (full 8):
 PSYoungGen      total 341504K, used 210851K [0x00000000e0c00000, 0x0000000100000000, 0x0000000100000000)
  eden space 171008K, 100% used [0x00000000e0c00000,0x00000000eb300000,0x00000000eb300000)
  from space 170496K, 23% used [0x00000000eb300000,0x00000000ed9e8f68,0x00000000f5980000)
  to   space 170496K, 0% used [0x00000000f5980000,0x00000000f5980000,0x0000000100000000)
 ParOldGen       total 1013248K, used 765300K [0x00000000a2400000, 0x00000000e0180000, 0x00000000e0c00000)
  object space 1013248K, 75% used [0x00000000a2400000,0x00000000d0f5d1a8,0x00000000e0180000)
 Metaspace       used 16245K, capacity 16968K, committed 17280K, reserved 1064960K
  class space    used 2394K, capacity 2567K, committed 2688K, reserved 1048576K
Event: 25.686 GC heap after
Heap after GC invocations=36 (full 8):
 PSYoungGen      total 334336K, used 55264K [0x00000000e0c00000, 0x00000000ff900000, 0x0000000100000000)
  eden space 171008K, 0% used [0x00000000e0c00000,0x00000000e0c00000,0x00000000eb300000)
  from space 163328K, 33% used [0x00000000f5980000,0x00000000f8f78000,0x00000000ff900000)
  to   space 166912K, 0% used [0x00000000eb300000,0x00000000eb300000,0x00000000f5600000)
 ParOldGen       total 1013248K, used 805284K [0x00000000a2400000, 0x00000000e0180000, 0x00000000e0c00000)
  object space 1013248K, 79% used [0x00000000a2400000,0x00000000d36691a8,0x00000000e0180000)
 Metaspace       used 16245K, capacity 16968K, committed 17280K, reserved 1064960K
  class space    used 2394K, capacity 2567K, committed 2688K, reserved 1048576K
}
Event: 25.754 GC heap before
{Heap before GC invocations=37 (full 8):
 PSYoungGen      total 334336K, used 226272K [0x00000000e0c00000, 0x00000000ff900000, 0x0000000100000000)
  eden space 171008K, 100% used [0x00000000e0c00000,0x00000000eb300000,0x00000000eb300000)
  from space 163328K, 33% used [0x00000000f5980000,0x00000000f8f78000,0x00000000ff900000)
  to   space 166912K, 0% used [0x00000000eb300000,0x00000000eb300000,0x00000000f5600000)
 ParOldGen       total 1013248K, used 805284K [0x00000000a2400000, 0x00000000e0180000, 0x00000000e0c00000)
  object space 1013248K, 79% used [0x00000000a2400000,0x00000000d36691a8,0x00000000e0180000)
 Metaspace       used 16245K, capacity 16968K, committed 17280K, reserved 1064960K
  class space    used 2394K, capacity 2567K, committed 2688K, reserved 1048576K
Event: 25.997 GC heap after
Heap after GC invocations=37 (full 8):
 PSYoungGen      total 337920K, used 110464K [0x00000000e0c00000, 0x0000000100000000, 0x0000000100000000)
  eden space 171008K, 0% used [0x00000000e0c00000,0x00000000e0c00000,0x00000000eb300000)
  from space 166912K, 66% used [0x00000000eb300000,0x00000000f1ee0000,0x00000000f5600000)
  to   space 170496K, 0% used [0x00000000f5980000,0x00000000f5980000,0x0000000100000000)
 ParOldGen       total 1013248K, used 805284K [0x00000000a2400000, 0x00000000e0180000, 0x00000000e0c00000)
  object space 1013248K, 79% used [0x00000000a2400000,0x00000000d36691a8,0x00000000e0180000)
 Metaspace       used 16245K, capacity 16968K, committed 17280K, reserved 1064960K
  class space    used 2394K, capacity 2567K, committed 2688K, reserved 1048576K
}

