# JRE version: Java(TM) SE Runtime Environment (8.0_144-b01) (build 1.8.0_144-b01)
# Java VM: Java HotSpot(TM) 64-Bit Server VM (25.144-b01 mixed mode windows-amd64 compressed oops)
Heap:
 PSYoungGen      total 75776K, used 37418K [0x00000000e0c00000, 0x00000000e9c80000, 0x0000000100000000)
  eden space 65024K, 57% used [0x00000000e0c00000,0x00000000e308aba0,0x00000000e4b80000)
  from space 10752K, 0% used [0x00000000e4b80000,0x00000000e4b80000,0x00000000e5600000)
  to   space 10752K, 0% used [0x00000000e9200000,0x00000000e9200000,0x00000000e9c80000)
 ParOldGen       total 344064K, used 124423K [0x00000000a2400000, 0x00000000b7400000, 0x00000000e0c00000)
  object space 344064K, 36% used [0x00000000a2400000,0x00000000a9d81ff8,0x00000000b7400000)
 Metaspace       used 15806K, capacity 16510K, committed 16768K, reserved 1062912K
  class space    used 2132K, capacity 2316K, committed 2432K, reserved 1048576K
GC Heap History (10 events):
Event: 1.857 GC heap before
{Heap before GC invocations=1 (full 0):
 PSYoungGen      total 75776K, used 46657K [0x00000000e0c00000, 0x00000000e6080000, 0x0000000100000000)
  eden space 65024K, 71% used [0x00000000e0c00000,0x00000000e3990648,0x00000000e4b80000)
  from space 10752K, 0% used [0x00000000e5600000,0x00000000e5600000,0x00000000e6080000)
  to   space 10752K, 0% used [0x00000000e4b80000,0x00000000e4b80000,0x00000000e5600000)
 ParOldGen       total 173568K, used 0K [0x00000000a2400000, 0x00000000acd80000, 0x00000000e0c00000)
  object space 173568K, 0% used [0x00000000a2400000,0x00000000a2400000,0x00000000acd80000)
 Metaspace       used 11629K, capacity 12068K, committed 12416K, reserved 1060864K
  class space    used 1472K, capacity 1601K, committed 1664K, reserved 1048576K
Event: 1.873 GC heap after
Heap after GC invocations=1 (full 0):
 PSYoungGen      total 75776K, used 5233K [0x00000000e0c00000, 0x00000000e6080000, 0x0000000100000000)
  eden space 65024K, 0% used [0x00000000e0c00000,0x00000000e0c00000,0x00000000e4b80000)
  from space 10752K, 48% used [0x00000000e4b80000,0x00000000e509c4d0,0x00000000e5600000)
  to   space 10752K, 0% used [0x00000000e5600000,0x00000000e5600000,0x00000000e6080000)
 ParOldGen       total 173568K, used 39142K [0x00000000a2400000, 0x00000000acd80000, 0x00000000e0c00000)
  object space 173568K, 22% used [0x00000000a2400000,0x00000000a4a39a30,0x00000000acd80000)
 Metaspace       used 11629K, capacity 12068K, committed 12416K, reserved 1060864K
  class space    used 1472K, capacity 1601K, committed 1664K, reserved 1048576K
}
Event: 1.948 GC heap before
{Heap before GC invocations=2 (full 0):
 PSYoungGen      total 75776K, used 56558K [0x00000000e0c00000, 0x00000000e6080000, 0x0000000100000000)
  eden space 65024K, 78% used [0x00000000e0c00000,0x00000000e3e1f388,0x00000000e4b80000)
  from space 10752K, 48% used [0x00000000e4b80000,0x00000000e509c4d0,0x00000000e5600000)
  to   space 10752K, 0% used [0x00000000e5600000,0x00000000e5600000,0x00000000e6080000)
 ParOldGen       total 173568K, used 39142K [0x00000000a2400000, 0x00000000acd80000, 0x00000000e0c00000)
  object space 173568K, 22% used [0x00000000a2400000,0x00000000a4a39a30,0x00000000acd80000)
 Metaspace       used 12125K, capacity 12682K, committed 12928K, reserved 1060864K
  class space    used 1521K, capacity 1660K, committed 1664K, reserved 1048576K
Event: 1.972 GC heap after
Heap after GC invocations=2 (full 0):
 PSYoungGen      total 75776K, used 10724K [0x00000000e0c00000, 0x00000000ea000000, 0x0000000100000000)
  eden space 65024K, 0% used [0x00000000e0c00000,0x00000000e0c00000,0x00000000e4b80000)
  from space 10752K, 99% used [0x00000000e5600000,0x00000000e6079290,0x00000000e6080000)
  to   space 10752K, 0% used [0x00000000e4b80000,0x00000000e4b80000,0x00000000e5600000)
 ParOldGen       total 173568K, used 119497K [0x00000000a2400000, 0x00000000acd80000, 0x00000000e0c00000)
  object space 173568K, 68% used [0x00000000a2400000,0x00000000a98b2718,0x00000000acd80000)
 Metaspace       used 12125K, capacity 12682K, committed 12928K, reserved 1060864K
  class space    used 1521K, capacity 1660K, committed 1664K, reserved 1048576K
}
Event: 1.972 GC heap before
{Heap before GC invocations=3 (full 1):
 PSYoungGen      total 75776K, used 10724K [0x00000000e0c00000, 0x00000000ea000000, 0x0000000100000000)
  eden space 65024K, 0% used [0x00000000e0c00000,0x00000000e0c00000,0x00000000e4b80000)
  from space 10752K, 99% used [0x00000000e5600000,0x00000000e6079290,0x00000000e6080000)
  to   space 10752K, 0% used [0x00000000e4b80000,0x00000000e4b80000,0x00000000e5600000)
 ParOldGen       total 173568K, used 119497K [0x00000000a2400000, 0x00000000acd80000, 0x00000000e0c00000)
  object space 173568K, 68% used [0x00000000a2400000,0x00000000a98b2718,0x00000000acd80000)
 Metaspace       used 12125K, capacity 12682K, committed 12928K, reserved 1060864K
  class space    used 1521K, capacity 1660K, committed 1664K, reserved 1048576K
Event: 1.992 GC heap after
Heap after GC invocations=3 (full 1):
 PSYoungGen      total 75776K, used 0K [0x00000000e0c00000, 0x00000000ea000000, 0x0000000100000000)
  eden space 65024K, 0% used [0x00000000e0c00000,0x00000000e0c00000,0x00000000e4b80000)
  from space 10752K, 0% used [0x00000000e5600000,0x00000000e5600000,0x00000000e6080000)
  to   space 10752K, 0% used [0x00000000e4b80000,0x00000000e4b80000,0x00000000e5600000)
 ParOldGen       total 232448K, used 71555K [0x00000000a2400000, 0x00000000b0700000, 0x00000000e0c00000)
  object space 232448K, 30% used [0x00000000a2400000,0x00000000a69e0cc8,0x00000000b0700000)
 Metaspace       used 12125K, capacity 12682K, committed 12928K, reserved 1060864K
  class space    used 1521K, capacity 1660K, committed 1664K, reserved 1048576K
}
Event: 2.021 GC heap before
{Heap before GC invocations=4 (full 1):
 PSYoungGen      total 75776K, used 53138K [0x00000000e0c00000, 0x00000000ea000000, 0x0000000100000000)
  eden space 65024K, 81% used [0x00000000e0c00000,0x00000000e3fe4838,0x00000000e4b80000)
  from space 10752K, 0% used [0x00000000e5600000,0x00000000e5600000,0x00000000e6080000)
  to   space 10752K, 0% used [0x00000000e4b80000,0x00000000e4b80000,0x00000000e5600000)
 ParOldGen       total 232448K, used 71555K [0x00000000a2400000, 0x00000000b0700000, 0x00000000e0c00000)
  object space 232448K, 30% used [0x00000000a2400000,0x00000000a69e0cc8,0x00000000b0700000)
 Metaspace       used 12147K, capacity 12712K, committed 13056K, reserved 1060864K
  class space    used 1526K, capacity 1669K, committed 1792K, reserved 1048576K
Event: 2.038 GC heap after
Heap after GC invocations=4 (full 1):
 PSYoungGen      total 75776K, used 2240K [0x00000000e0c00000, 0x00000000e9c80000, 0x0000000100000000)
  eden space 65024K, 0% used [0x00000000e0c00000,0x00000000e0c00000,0x00000000e4b80000)
  from space 10752K, 20% used [0x00000000e4b80000,0x00000000e4db0020,0x00000000e5600000)
  to   space 10752K, 0% used [0x00000000e9200000,0x00000000e9200000,0x00000000e9c80000)
 ParOldGen       total 232448K, used 173117K [0x00000000a2400000, 0x00000000b0700000, 0x00000000e0c00000)
  object space 232448K, 74% used [0x00000000a2400000,0x00000000acd0f708,0x00000000b0700000)
 Metaspace       used 12147K, capacity 12712K, committed 13056K, reserved 1060864K
  class space    used 1526K, capacity 1669K, committed 1792K, reserved 1048576K
}
Event: 2.038 GC heap before
{Heap before GC invocations=5 (full 2):
 PSYoungGen      total 75776K, used 2240K [0x00000000e0c00000, 0x00000000e9c80000, 0x0000000100000000)
  eden space 65024K, 0% used [0x00000000e0c00000,0x00000000e0c00000,0x00000000e4b80000)
  from space 10752K, 20% used [0x00000000e4b80000,0x00000000e4db0020,0x00000000e5600000)
  to   space 10752K, 0% used [0x00000000e9200000,0x00000000e9200000,0x00000000e9c80000)
 ParOldGen       total 232448K, used 173117K [0x00000000a2400000, 0x00000000b0700000, 0x00000000e0c00000)
  object space 232448K, 74% used [0x00000000a2400000,0x00000000acd0f708,0x00000000b0700000)
 Metaspace       used 12147K, capacity 12712K, committed 13056K, reserved 1060864K
  class space    used 1526K, capacity 1669K, committed 1792K, reserved 1048576K
Event: 2.050 GC heap after
Heap after GC invocations=5 (full 2):
 PSYoungGen      total 75776K, used 0K [0x00000000e0c00000, 0x00000000e9c80000, 0x0000000100000000)
  eden space 65024K, 0% used [0x00000000e0c00000,0x00000000e0c00000,0x00000000e4b80000)
  from space 10752K, 0% used [0x00000000e4b80000,0x00000000e4b80000,0x00000000e5600000)
  to   space 10752K, 0% used [0x00000000e9200000,0x00000000e9200000,0x00000000e9c80000)
 ParOldGen       total 344064K, used 124423K [0x00000000a2400000, 0x00000000b7400000, 0x00000000e0c00000)
  object space 344064K, 36% used [0x00000000a2400000,0x00000000a9d81ff8,0x00000000b7400000)
 Metaspace       used 12147K, capacity 12712K, committed 13056K, reserved 1060864K
  class space    used 1526K, capacity 1669K, committed 1792K, reserved 1048576K
}

