# JRE version: Java(TM) SE Runtime Environment (8.0_45-b15) (build 1.8.0_45-b15)
# Java VM: Java HotSpot(TM) 64-Bit Server VM (25.45-b02 mixed mode windows-amd64 compressed oops)
Heap:
 PSYoungGen      total 345088K, used 225102K [0x00000000e0c00000, 0x0000000100000000, 0x0000000100000000)
  eden space 182272K, 34% used [0x00000000e0c00000,0x00000000e48db838,0x00000000ebe00000)
  from space 162816K, 99% used [0x00000000ebe00000,0x00000000f5cf8000,0x00000000f5d00000)
  to   space 166912K, 0% used [0x00000000f5d00000,0x00000000f5d00000,0x0000000100000000)
 ParOldGen       total 816640K, used 602509K [0x00000000a2400000, 0x00000000d4180000, 0x00000000e0c00000)
  object space 816640K, 73% used [0x00000000a2400000,0x00000000c7063498,0x00000000d4180000)
 Metaspace       used 16636K, capacity 17440K, committed 17536K, reserved 1064960K
  class space    used 2458K, capacity 2651K, committed 2688K, reserved 1048576K
GC Heap History (10 events):
Event: 14.718 GC heap before
{Heap before GC invocations=30 (full 6):
 PSYoungGen      total 259072K, used 259059K [0x00000000e0c00000, 0x00000000fb900000, 0x0000000100000000)
  eden space 154112K, 100% used [0x00000000e0c00000,0x00000000ea280000,0x00000000ea280000)
  from space 104960K, 99% used [0x00000000ea280000,0x00000000f08fcc10,0x00000000f0900000)
  to   space 126464K, 0% used [0x00000000f3d80000,0x00000000f3d80000,0x00000000fb900000)
 ParOldGen       total 602624K, used 444115K [0x00000000a2400000, 0x00000000c7080000, 0x00000000e0c00000)
  object space 602624K, 73% used [0x00000000a2400000,0x00000000bd5b4db8,0x00000000c7080000)
 Metaspace       used 16236K, capacity 16950K, committed 17280K, reserved 1064960K
  class space    used 2398K, capacity 2566K, committed 2688K, reserved 1048576K
Event: 14.900 GC heap after
Heap after GC invocations=30 (full 6):
 PSYoungGen      total 307712K, used 87904K [0x00000000e0c00000, 0x00000000fc600000, 0x0000000100000000)
  eden space 181248K, 0% used [0x00000000e0c00000,0x00000000e0c00000,0x00000000ebd00000)
  from space 126464K, 69% used [0x00000000f3d80000,0x00000000f9358000,0x00000000fb900000)
  to   space 131584K, 0% used [0x00000000ebd00000,0x00000000ebd00000,0x00000000f3d80000)
 ParOldGen       total 602624K, used 505382K [0x00000000a2400000, 0x00000000c7080000, 0x00000000e0c00000)
  object space 602624K, 83% used [0x00000000a2400000,0x00000000c11899c8,0x00000000c7080000)
 Metaspace       used 16236K, capacity 16950K, committed 17280K, reserved 1064960K
  class space    used 2398K, capacity 2566K, committed 2688K, reserved 1048576K
}
Event: 14.998 GC heap before
{Heap before GC invocations=31 (full 6):
 PSYoungGen      total 307712K, used 269152K [0x00000000e0c00000, 0x00000000fc600000, 0x0000000100000000)
  eden space 181248K, 100% used [0x00000000e0c00000,0x00000000ebd00000,0x00000000ebd00000)
  from space 126464K, 69% used [0x00000000f3d80000,0x00000000f9358000,0x00000000fb900000)
  to   space 131584K, 0% used [0x00000000ebd00000,0x00000000ebd00000,0x00000000f3d80000)
 ParOldGen       total 602624K, used 505382K [0x00000000a2400000, 0x00000000c7080000, 0x00000000e0c00000)
  object space 602624K, 83% used [0x00000000a2400000,0x00000000c11899c8,0x00000000c7080000)
 Metaspace       used 16236K, capacity 16950K, committed 17280K, reserved 1064960K
  class space    used 2398K, capacity 2566K, committed 2688K, reserved 1048576K
Event: 15.246 GC heap after
Heap after GC invocations=31 (full 6):
 PSYoungGen      total 312832K, used 131571K [0x00000000e0c00000, 0x0000000100000000, 0x0000000100000000)
  eden space 181248K, 0% used [0x00000000e0c00000,0x00000000e0c00000,0x00000000ebd00000)
  from space 131584K, 99% used [0x00000000ebd00000,0x00000000f3d7cc10,0x00000000f3d80000)
  to   space 156160K, 0% used [0x00000000f6780000,0x00000000f6780000,0x0000000100000000)
 ParOldGen       total 602624K, used 516774K [0x00000000a2400000, 0x00000000c7080000, 0x00000000e0c00000)
  object space 602624K, 85% used [0x00000000a2400000,0x00000000c1ca99c8,0x00000000c7080000)
 Metaspace       used 16236K, capacity 16950K, committed 17280K, reserved 1064960K
  class space    used 2398K, capacity 2566K, committed 2688K, reserved 1048576K
}
Event: 15.341 GC heap before
{Heap before GC invocations=32 (full 6):
 PSYoungGen      total 312832K, used 312819K [0x00000000e0c00000, 0x0000000100000000, 0x0000000100000000)
  eden space 181248K, 100% used [0x00000000e0c00000,0x00000000ebd00000,0x00000000ebd00000)
  from space 131584K, 99% used [0x00000000ebd00000,0x00000000f3d7cc10,0x00000000f3d80000)
  to   space 156160K, 0% used [0x00000000f6780000,0x00000000f6780000,0x0000000100000000)
 ParOldGen       total 602624K, used 516774K [0x00000000a2400000, 0x00000000c7080000, 0x00000000e0c00000)
  object space 602624K, 85% used [0x00000000a2400000,0x00000000c1ca99c8,0x00000000c7080000)
 Metaspace       used 16236K, capacity 16950K, committed 17280K, reserved 1064960K
  class space    used 2398K, capacity 2566K, committed 2688K, reserved 1048576K
Event: 15.620 GC heap after
Heap after GC invocations=32 (full 6):
 PSYoungGen      total 338432K, used 113683K [0x00000000e0c00000, 0x0000000100000000, 0x0000000100000000)
  eden space 182272K, 0% used [0x00000000e0c00000,0x00000000e0c00000,0x00000000ebe00000)
  from space 156160K, 72% used [0x00000000f6780000,0x00000000fd684c10,0x0000000100000000)
  to   space 164864K, 0% used [0x00000000ebe00000,0x00000000ebe00000,0x00000000f5f00000)
 ParOldGen       total 602624K, used 593438K [0x00000000a2400000, 0x00000000c7080000, 0x00000000e0c00000)
  object space 602624K, 98% used [0x00000000a2400000,0x00000000c67879c8,0x00000000c7080000)
 Metaspace       used 16236K, capacity 16950K, committed 17280K, reserved 1064960K
  class space    used 2398K, capacity 2566K, committed 2688K, reserved 1048576K
}
Event: 15.620 GC heap before
{Heap before GC invocations=33 (full 7):
 PSYoungGen      total 338432K, used 113683K [0x00000000e0c00000, 0x0000000100000000, 0x0000000100000000)
  eden space 182272K, 0% used [0x00000000e0c00000,0x00000000e0c00000,0x00000000ebe00000)
  from space 156160K, 72% used [0x00000000f6780000,0x00000000fd684c10,0x0000000100000000)
  to   space 164864K, 0% used [0x00000000ebe00000,0x00000000ebe00000,0x00000000f5f00000)
 ParOldGen       total 602624K, used 593438K [0x00000000a2400000, 0x00000000c7080000, 0x00000000e0c00000)
  object space 602624K, 98% used [0x00000000a2400000,0x00000000c67879c8,0x00000000c7080000)
 Metaspace       used 16236K, capacity 16950K, committed 17280K, reserved 1064960K
  class space    used 2398K, capacity 2566K, committed 2688K, reserved 1048576K
Event: 20.710 GC heap after
Heap after GC invocations=33 (full 7):
 PSYoungGen      total 338432K, used 103807K [0x00000000e0c00000, 0x0000000100000000, 0x0000000100000000)
  eden space 182272K, 0% used [0x00000000e0c00000,0x00000000e0c00000,0x00000000ebe00000)
  from space 156160K, 66% used [0x00000000f6780000,0x00000000fccdff98,0x0000000100000000)
  to   space 164864K, 0% used [0x00000000ebe00000,0x00000000ebe00000,0x00000000f5f00000)
 ParOldGen       total 816640K, used 602509K [0x00000000a2400000, 0x00000000d4180000, 0x00000000e0c00000)
  object space 816640K, 73% used [0x00000000a2400000,0x00000000c7063498,0x00000000d4180000)
 Metaspace       used 16236K, capacity 16950K, committed 17280K, reserved 1064960K
  class space    used 2398K, capacity 2566K, committed 2688K, reserved 1048576K
}
Event: 20.794 GC heap before
{Heap before GC invocations=34 (full 7):
 PSYoungGen      total 338432K, used 286079K [0x00000000e0c00000, 0x0000000100000000, 0x0000000100000000)
  eden space 182272K, 100% used [0x00000000e0c00000,0x00000000ebe00000,0x00000000ebe00000)
  from space 156160K, 66% used [0x00000000f6780000,0x00000000fccdff98,0x0000000100000000)
  to   space 164864K, 0% used [0x00000000ebe00000,0x00000000ebe00000,0x00000000f5f00000)
 ParOldGen       total 816640K, used 602509K [0x00000000a2400000, 0x00000000d4180000, 0x00000000e0c00000)
  object space 816640K, 73% used [0x00000000a2400000,0x00000000c7063498,0x00000000d4180000)
 Metaspace       used 16236K, capacity 16950K, committed 17280K, reserved 1064960K
  class space    used 2398K, capacity 2566K, committed 2688K, reserved 1048576K
Event: 21.267 GC heap after
Heap after GC invocations=34 (full 7):
 PSYoungGen      total 345088K, used 162784K [0x00000000e0c00000, 0x0000000100000000, 0x0000000100000000)
  eden space 182272K, 0% used [0x00000000e0c00000,0x00000000e0c00000,0x00000000ebe00000)
  from space 162816K, 99% used [0x00000000ebe00000,0x00000000f5cf8000,0x00000000f5d00000)
  to   space 166912K, 0% used [0x00000000f5d00000,0x00000000f5d00000,0x0000000100000000)
 ParOldGen       total 816640K, used 602509K [0x00000000a2400000, 0x00000000d4180000, 0x00000000e0c00000)
  object space 816640K, 73% used [0x00000000a2400000,0x00000000c7063498,0x00000000d4180000)
 Metaspace       used 16236K, capacity 16950K, committed 17280K, reserved 1064960K
  class space    used 2398K, capacity 2566K, committed 2688K, reserved 1048576K
}

