# JRE version: Java(TM) SE Runtime Environment (8.0_45-b15) (build 1.8.0_45-b15)
# Java VM: Java HotSpot(TM) 64-Bit Server VM (25.45-b02 mixed mode windows-amd64 compressed oops)
Heap:
 PSYoungGen      total 338944K, used 232334K [0x00000000e0c00000, 0x0000000100000000, 0x0000000100000000)
  eden space 171008K, 37% used [0x00000000e0c00000,0x00000000e4ae7170,0x00000000eb300000)
  from space 167936K, 99% used [0x00000000f5c00000,0x00000000ffffc6e0,0x0000000100000000)
  to   space 170496K, 0% used [0x00000000eb300000,0x00000000eb300000,0x00000000f5980000)
 ParOldGen       total 1024000K, used 790967K [0x00000000a2400000, 0x00000000e0c00000, 0x00000000e0c00000)
  object space 1024000K, 77% used [0x00000000a2400000,0x00000000d286de90,0x00000000e0c00000)
 Metaspace       used 22822K, capacity 24456K, committed 24704K, reserved 1071104K
  class space    used 3346K, capacity 3623K, committed 3712K, reserved 1048576K
GC Heap History (10 events):
Event: 22.978 GC heap before
{Heap before GC invocations=34 (full 7):
 PSYoungGen      total 337920K, used 290326K [0x00000000e0c00000, 0x0000000100000000, 0x0000000100000000)
  eden space 171008K, 99% used [0x00000000e0c00000,0x00000000eb221ff0,0x00000000eb300000)
  from space 166912K, 72% used [0x00000000f5d00000,0x00000000fd2639e8,0x0000000100000000)
  to   space 170496K, 0% used [0x00000000eb300000,0x00000000eb300000,0x00000000f5980000)
 ParOldGen       total 821760K, used 608190K [0x00000000a2400000, 0x00000000d4680000, 0x00000000e0c00000)
  object space 821760K, 74% used [0x00000000a2400000,0x00000000c75efa88,0x00000000d4680000)
 Metaspace       used 16243K, capacity 16966K, committed 17280K, reserved 1064960K
  class space    used 2392K, capacity 2566K, committed 2688K, reserved 1048576K
Event: 23.327 GC heap after
Heap after GC invocations=34 (full 7):
 PSYoungGen      total 341504K, used 60831K [0x00000000e0c00000, 0x00000000ffe80000, 0x0000000100000000)
  eden space 171008K, 0% used [0x00000000e0c00000,0x00000000e0c00000,0x00000000eb300000)
  from space 170496K, 35% used [0x00000000eb300000,0x00000000eee67c20,0x00000000f5980000)
  to   space 167936K, 0% used [0x00000000f5a80000,0x00000000f5a80000,0x00000000ffe80000)
 ParOldGen       total 821760K, used 728873K [0x00000000a2400000, 0x00000000d4680000, 0x00000000e0c00000)
  object space 821760K, 88% used [0x00000000a2400000,0x00000000cebca698,0x00000000d4680000)
 Metaspace       used 16243K, capacity 16966K, committed 17280K, reserved 1064960K
  class space    used 2392K, capacity 2566K, committed 2688K, reserved 1048576K
}
Event: 23.328 GC heap before
{Heap before GC invocations=35 (full 8):
 PSYoungGen      total 341504K, used 60831K [0x00000000e0c00000, 0x00000000ffe80000, 0x0000000100000000)
  eden space 171008K, 0% used [0x00000000e0c00000,0x00000000e0c00000,0x00000000eb300000)
  from space 170496K, 35% used [0x00000000eb300000,0x00000000eee67c20,0x00000000f5980000)
  to   space 167936K, 0% used [0x00000000f5a80000,0x00000000f5a80000,0x00000000ffe80000)
 ParOldGen       total 821760K, used 728873K [0x00000000a2400000, 0x00000000d4680000, 0x00000000e0c00000)
  object space 821760K, 88% used [0x00000000a2400000,0x00000000cebca698,0x00000000d4680000)
 Metaspace       used 16243K, capacity 16966K, committed 17280K, reserved 1064960K
  class space    used 2392K, capacity 2566K, committed 2688K, reserved 1048576K
Event: 26.612 GC heap after
Heap after GC invocations=35 (full 8):
 PSYoungGen      total 341504K, used 0K [0x00000000e0c00000, 0x00000000ffe80000, 0x0000000100000000)
  eden space 171008K, 0% used [0x00000000e0c00000,0x00000000e0c00000,0x00000000eb300000)
  from space 170496K, 0% used [0x00000000eb300000,0x00000000eb300000,0x00000000f5980000)
  to   space 167936K, 0% used [0x00000000f5a80000,0x00000000f5a80000,0x00000000ffe80000)
 ParOldGen       total 1024000K, used 789127K [0x00000000a2400000, 0x00000000e0c00000, 0x00000000e0c00000)
  object space 1024000K, 77% used [0x00000000a2400000,0x00000000d26a1e90,0x00000000e0c00000)
 Metaspace       used 16243K, capacity 16966K, committed 17280K, reserved 1064960K
  class space    used 2392K, capacity 2566K, committed 2688K, reserved 1048576K
}
Event: 26.686 GC heap before
{Heap before GC invocations=36 (full 8):
 PSYoungGen      total 341504K, used 171008K [0x00000000e0c00000, 0x00000000ffe80000, 0x0000000100000000)
  eden space 171008K, 100% used [0x00000000e0c00000,0x00000000eb300000,0x00000000eb300000)
  from space 170496K, 0% used [0x00000000eb300000,0x00000000eb300000,0x00000000f5980000)
  to   space 167936K, 0% used [0x00000000f5a80000,0x00000000f5a80000,0x00000000ffe80000)
 ParOldGen       total 1024000K, used 789127K [0x00000000a2400000, 0x00000000e0c00000, 0x00000000e0c00000)
  object space 1024000K, 77% used [0x00000000a2400000,0x00000000d26a1e90,0x00000000e0c00000)
 Metaspace       used 16243K, capacity 16966K, committed 17280K, reserved 1064960K
  class space    used 2392K, capacity 2566K, committed 2688K, reserved 1048576K
Event: 26.759 GC heap after
Heap after GC invocations=36 (full 8):
 PSYoungGen      total 327168K, used 57427K [0x00000000e0c00000, 0x00000000ff080000, 0x0000000100000000)
  eden space 173568K, 0% used [0x00000000e0c00000,0x00000000e0c00000,0x00000000eb580000)
  from space 153600K, 37% used [0x00000000f5a80000,0x00000000f9294c10,0x00000000ff080000)
  to   space 161280K, 0% used [0x00000000eb580000,0x00000000eb580000,0x00000000f5300000)
 ParOldGen       total 1024000K, used 789127K [0x00000000a2400000, 0x00000000e0c00000, 0x00000000e0c00000)
  object space 1024000K, 77% used [0x00000000a2400000,0x00000000d26a1e90,0x00000000e0c00000)
 Metaspace       used 16243K, capacity 16966K, committed 17280K, reserved 1064960K
  class space    used 2392K, capacity 2566K, committed 2688K, reserved 1048576K
}
Event: 26.832 GC heap before
{Heap before GC invocations=37 (full 8):
 PSYoungGen      total 327168K, used 230995K [0x00000000e0c00000, 0x00000000ff080000, 0x0000000100000000)
  eden space 173568K, 100% used [0x00000000e0c00000,0x00000000eb580000,0x00000000eb580000)
  from space 153600K, 37% used [0x00000000f5a80000,0x00000000f9294c10,0x00000000ff080000)
  to   space 161280K, 0% used [0x00000000eb580000,0x00000000eb580000,0x00000000f5300000)
 ParOldGen       total 1024000K, used 789127K [0x00000000a2400000, 0x00000000e0c00000, 0x00000000e0c00000)
  object space 1024000K, 77% used [0x00000000a2400000,0x00000000d26a1e90,0x00000000e0c00000)
 Metaspace       used 16243K, capacity 16966K, committed 17280K, reserved 1064960K
  class space    used 2392K, capacity 2566K, committed 2688K, reserved 1048576K
Event: 26.960 GC heap after
Heap after GC invocations=37 (full 8):
 PSYoungGen      total 334848K, used 114419K [0x00000000e0c00000, 0x0000000100000000, 0x0000000100000000)
  eden space 173568K, 0% used [0x00000000e0c00000,0x00000000e0c00000,0x00000000eb580000)
  from space 161280K, 70% used [0x00000000eb580000,0x00000000f253cc10,0x00000000f5300000)
  to   space 167936K, 0% used [0x00000000f5c00000,0x00000000f5c00000,0x0000000100000000)
 ParOldGen       total 1024000K, used 789127K [0x00000000a2400000, 0x00000000e0c00000, 0x00000000e0c00000)
  object space 1024000K, 77% used [0x00000000a2400000,0x00000000d26a1e90,0x00000000e0c00000)
 Metaspace       used 16243K, capacity 16966K, committed 17280K, reserved 1064960K
  class space    used 2392K, capacity 2566K, committed 2688K, reserved 1048576K
}
Event: 32.104 GC heap before
{Heap before GC invocations=38 (full 8):
 PSYoungGen      total 334848K, used 287987K [0x00000000e0c00000, 0x0000000100000000, 0x0000000100000000)
  eden space 173568K, 100% used [0x00000000e0c00000,0x00000000eb580000,0x00000000eb580000)
  from space 161280K, 70% used [0x00000000eb580000,0x00000000f253cc10,0x00000000f5300000)
  to   space 167936K, 0% used [0x00000000f5c00000,0x00000000f5c00000,0x0000000100000000)
 ParOldGen       total 1024000K, used 789127K [0x00000000a2400000, 0x00000000e0c00000, 0x00000000e0c00000)
  object space 1024000K, 77% used [0x00000000a2400000,0x00000000d26a1e90,0x00000000e0c00000)
 Metaspace       used 22414K, capacity 24036K, committed 24192K, reserved 1069056K
  class space    used 3337K, capacity 3615K, committed 3712K, reserved 1048576K
Event: 32.301 GC heap after
Heap after GC invocations=38 (full 8):
 PSYoungGen      total 338944K, used 167921K [0x00000000e0c00000, 0x0000000100000000, 0x0000000100000000)
  eden space 171008K, 0% used [0x00000000e0c00000,0x00000000e0c00000,0x00000000eb300000)
  from space 167936K, 99% used [0x00000000f5c00000,0x00000000ffffc6e0,0x0000000100000000)
  to   space 170496K, 0% used [0x00000000eb300000,0x00000000eb300000,0x00000000f5980000)
 ParOldGen       total 1024000K, used 790967K [0x00000000a2400000, 0x00000000e0c00000, 0x00000000e0c00000)
  object space 1024000K, 77% used [0x00000000a2400000,0x00000000d286de90,0x00000000e0c00000)
 Metaspace       used 22414K, capacity 24036K, committed 24192K, reserved 1069056K
  class space    used 3337K, capacity 3615K, committed 3712K, reserved 1048576K
}

